TimeQuest Timing Analyzer report for Lab2_Part4
Sat Sep 27 13:37:28 2014
Quartus II 32-bit Version 13.0.1 Build 232 06/12/2013 Service Pack 1 SJ Web Edition


---------------------
; Table of Contents ;
---------------------
  1. Legal Notice
  2. TimeQuest Timing Analyzer Summary
  3. Parallel Compilation
  4. Clocks
  5. Slow Model Fmax Summary
  6. Slow Model Setup Summary
  7. Slow Model Hold Summary
  8. Slow Model Recovery Summary
  9. Slow Model Removal Summary
 10. Slow Model Minimum Pulse Width Summary
 11. Propagation Delay
 12. Minimum Propagation Delay
 13. Fast Model Setup Summary
 14. Fast Model Hold Summary
 15. Fast Model Recovery Summary
 16. Fast Model Removal Summary
 17. Fast Model Minimum Pulse Width Summary
 18. Propagation Delay
 19. Minimum Propagation Delay
 20. Multicorner Timing Analysis Summary
 21. Progagation Delay
 22. Minimum Progagation Delay
 23. Clock Transfers
 24. Report TCCS
 25. Report RSKM
 26. Unconstrained Paths
 27. TimeQuest Timing Analyzer Messages



----------------
; Legal Notice ;
----------------
Copyright (C) 1991-2013 Altera Corporation
Your use of Altera Corporation's design tools, logic functions 
and other software and tools, and its AMPP partner logic 
functions, and any output files from any of the foregoing 
(including device programming or simulation files), and any 
associated documentation or information are expressly subject 
to the terms and conditions of the Altera Program License 
Subscription Agreement, Altera MegaCore Function License 
Agreement, or other applicable license agreement, including, 
without limitation, that your use is for the sole purpose of 
programming logic devices manufactured by Altera and sold by 
Altera or its authorized distributors.  Please refer to the 
applicable agreement for further details.



+----------------------------------------------------------------------------------------+
; TimeQuest Timing Analyzer Summary                                                      ;
+--------------------+-------------------------------------------------------------------+
; Quartus II Version ; Version 13.0.1 Build 232 06/12/2013 Service Pack 1 SJ Web Edition ;
; Revision Name      ; Lab2_Part4                                                        ;
; Device Family      ; Cyclone II                                                        ;
; Device Name        ; EP2C35F672C6                                                      ;
; Timing Models      ; Final                                                             ;
; Delay Model        ; Combined                                                          ;
; Rise/Fall Delays   ; Unavailable                                                       ;
+--------------------+-------------------------------------------------------------------+


Parallel compilation was disabled, but you have multiple processors available. Enable parallel compilation to reduce compilation time.
+-------------------------------------+
; Parallel Compilation                ;
+----------------------------+--------+
; Processors                 ; Number ;
+----------------------------+--------+
; Number detected on machine ; 8      ;
; Maximum allowed            ; 1      ;
+----------------------------+--------+


----------
; Clocks ;
----------
No clocks to report.


---------------------------
; Slow Model Fmax Summary ;
---------------------------
No paths to report.


----------------------------
; Slow Model Setup Summary ;
----------------------------
No paths to report.


---------------------------
; Slow Model Hold Summary ;
---------------------------
No paths to report.


-------------------------------
; Slow Model Recovery Summary ;
-------------------------------
No paths to report.


------------------------------
; Slow Model Removal Summary ;
------------------------------
No paths to report.


------------------------------------------
; Slow Model Minimum Pulse Width Summary ;
------------------------------------------
No paths to report.


+--------------------------------------------------------------+
; Propagation Delay                                            ;
+------------+-------------+--------+--------+--------+--------+
; Input Port ; Output Port ; RR     ; RF     ; FR     ; FF     ;
+------------+-------------+--------+--------+--------+--------+
; SW[0]      ; HEX0[0]     ; 15.351 ; 15.351 ; 15.351 ; 15.351 ;
; SW[0]      ; HEX0[1]     ; 15.283 ; 15.283 ; 15.283 ; 15.283 ;
; SW[0]      ; HEX0[2]     ; 15.064 ; 15.064 ; 15.064 ; 15.064 ;
; SW[0]      ; HEX0[3]     ; 14.379 ; 14.379 ; 14.379 ; 14.379 ;
; SW[0]      ; HEX0[4]     ; 14.347 ; 14.347 ; 14.347 ; 14.347 ;
; SW[0]      ; HEX0[5]     ; 14.835 ; 14.835 ; 14.835 ; 14.835 ;
; SW[0]      ; HEX0[6]     ; 14.835 ; 14.835 ; 14.835 ; 14.835 ;
; SW[0]      ; HEX1[0]     ; 12.923 ; 11.620 ; 11.620 ; 12.923 ;
; SW[0]      ; HEX1[3]     ; 12.705 ; 11.402 ; 11.402 ; 12.705 ;
; SW[0]      ; HEX1[4]     ; 12.725 ; 11.422 ; 11.422 ; 12.725 ;
; SW[0]      ; HEX1[5]     ; 12.268 ; 10.965 ; 10.965 ; 12.268 ;
; SW[0]      ; HEX4[0]     ; 9.620  ; 9.620  ; 9.620  ; 9.620  ;
; SW[0]      ; HEX4[1]     ; 8.348  ; 8.348  ; 8.348  ; 8.348  ;
; SW[0]      ; HEX4[2]     ;        ; 8.443  ; 8.443  ;        ;
; SW[0]      ; HEX4[3]     ; 8.468  ; 8.468  ; 8.468  ; 8.468  ;
; SW[0]      ; HEX4[4]     ; 8.125  ;        ;        ; 8.125  ;
; SW[0]      ; HEX4[5]     ; 9.748  ;        ;        ; 9.748  ;
; SW[0]      ; HEX4[6]     ; 9.229  ;        ;        ; 9.229  ;
; SW[0]      ; LEDG[0]     ; 8.973  ; 8.973  ; 8.973  ; 8.973  ;
; SW[0]      ; LEDG[1]     ; 9.920  ; 9.920  ; 9.920  ; 9.920  ;
; SW[0]      ; LEDG[2]     ; 8.979  ; 8.979  ; 8.979  ; 8.979  ;
; SW[0]      ; LEDG[3]     ; 9.737  ; 9.737  ; 9.737  ; 9.737  ;
; SW[0]      ; LEDG[4]     ; 11.888 ;        ;        ; 11.888 ;
; SW[0]      ; LEDR[0]     ; 5.976  ;        ;        ; 5.976  ;
; SW[1]      ; HEX0[0]     ; 14.445 ; 14.445 ; 14.445 ; 14.445 ;
; SW[1]      ; HEX0[1]     ; 14.377 ; 14.377 ; 14.377 ; 14.377 ;
; SW[1]      ; HEX0[2]     ; 14.158 ; 14.158 ; 14.158 ; 14.158 ;
; SW[1]      ; HEX0[3]     ; 13.473 ; 13.473 ; 13.473 ; 13.473 ;
; SW[1]      ; HEX0[4]     ; 13.441 ; 13.441 ; 13.441 ; 13.441 ;
; SW[1]      ; HEX0[5]     ; 13.929 ; 13.929 ; 13.929 ; 13.929 ;
; SW[1]      ; HEX0[6]     ; 13.929 ; 13.929 ; 13.929 ; 13.929 ;
; SW[1]      ; HEX1[0]     ; 11.799 ; 10.829 ; 10.829 ; 11.799 ;
; SW[1]      ; HEX1[3]     ; 11.581 ; 10.611 ; 10.611 ; 11.581 ;
; SW[1]      ; HEX1[4]     ; 11.601 ; 10.631 ; 10.631 ; 11.601 ;
; SW[1]      ; HEX1[5]     ; 11.144 ; 10.174 ; 10.174 ; 11.144 ;
; SW[1]      ; HEX4[0]     ; 9.515  ; 9.515  ; 9.515  ; 9.515  ;
; SW[1]      ; HEX4[1]     ; 8.243  ; 8.243  ; 8.243  ; 8.243  ;
; SW[1]      ; HEX4[2]     ; 8.338  ;        ;        ; 8.338  ;
; SW[1]      ; HEX4[3]     ; 8.375  ; 8.375  ; 8.375  ; 8.375  ;
; SW[1]      ; HEX4[4]     ; 8.019  ; 8.019  ; 8.019  ; 8.019  ;
; SW[1]      ; HEX4[5]     ; 9.655  ;        ;        ; 9.655  ;
; SW[1]      ; HEX4[6]     ; 9.081  ; 9.081  ; 9.081  ; 9.081  ;
; SW[1]      ; LEDG[1]     ; 9.251  ; 9.251  ; 9.251  ; 9.251  ;
; SW[1]      ; LEDG[2]     ; 8.616  ; 8.616  ; 8.616  ; 8.616  ;
; SW[1]      ; LEDG[3]     ; 8.613  ; 8.613  ; 8.613  ; 8.613  ;
; SW[1]      ; LEDG[4]     ; 10.764 ;        ;        ; 10.764 ;
; SW[1]      ; LEDG[7]     ; 10.131 ;        ;        ; 10.131 ;
; SW[1]      ; LEDR[1]     ; 6.485  ;        ;        ; 6.485  ;
; SW[2]      ; HEX0[0]     ; 14.348 ; 14.348 ; 14.348 ; 14.348 ;
; SW[2]      ; HEX0[1]     ; 14.280 ; 14.280 ; 14.280 ; 14.280 ;
; SW[2]      ; HEX0[2]     ; 14.061 ; 14.061 ; 14.061 ; 14.061 ;
; SW[2]      ; HEX0[3]     ; 13.376 ; 13.376 ; 13.376 ; 13.376 ;
; SW[2]      ; HEX0[4]     ; 13.344 ; 13.344 ; 13.344 ; 13.344 ;
; SW[2]      ; HEX0[5]     ; 13.832 ; 13.832 ; 13.832 ; 13.832 ;
; SW[2]      ; HEX0[6]     ; 13.832 ; 13.832 ; 13.832 ; 13.832 ;
; SW[2]      ; HEX1[0]     ; 11.186 ; 10.732 ; 10.732 ; 11.186 ;
; SW[2]      ; HEX1[3]     ; 10.968 ; 10.514 ; 10.514 ; 10.968 ;
; SW[2]      ; HEX1[4]     ; 10.988 ; 10.534 ; 10.534 ; 10.988 ;
; SW[2]      ; HEX1[5]     ; 10.531 ; 10.077 ; 10.077 ; 10.531 ;
; SW[2]      ; HEX4[0]     ; 9.324  ; 9.324  ; 9.324  ; 9.324  ;
; SW[2]      ; HEX4[1]     ; 8.053  ;        ;        ; 8.053  ;
; SW[2]      ; HEX4[2]     ; 8.148  ; 8.148  ; 8.148  ; 8.148  ;
; SW[2]      ; HEX4[3]     ; 8.168  ; 8.168  ; 8.168  ; 8.168  ;
; SW[2]      ; HEX4[4]     ; 7.829  ;        ;        ; 7.829  ;
; SW[2]      ; HEX4[5]     ; 9.451  ; 9.451  ; 9.451  ; 9.451  ;
; SW[2]      ; HEX4[6]     ; 9.158  ; 9.158  ; 9.158  ; 9.158  ;
; SW[2]      ; LEDG[2]     ; 8.519  ; 8.519  ; 8.519  ; 8.519  ;
; SW[2]      ; LEDG[3]     ; 8.185  ; 8.185  ; 8.185  ; 8.185  ;
; SW[2]      ; LEDG[4]     ; 10.151 ;        ;        ; 10.151 ;
; SW[2]      ; LEDG[7]     ; 9.927  ;        ;        ; 9.927  ;
; SW[2]      ; LEDR[2]     ; 5.135  ;        ;        ; 5.135  ;
; SW[3]      ; HEX0[0]     ; 14.192 ; 14.192 ; 14.192 ; 14.192 ;
; SW[3]      ; HEX0[1]     ; 14.124 ; 14.124 ; 14.124 ; 14.124 ;
; SW[3]      ; HEX0[2]     ; 13.905 ; 13.905 ; 13.905 ; 13.905 ;
; SW[3]      ; HEX0[3]     ; 13.220 ; 13.220 ; 13.220 ; 13.220 ;
; SW[3]      ; HEX0[4]     ; 13.188 ; 13.188 ; 13.188 ; 13.188 ;
; SW[3]      ; HEX0[5]     ; 13.676 ; 13.676 ; 13.676 ; 13.676 ;
; SW[3]      ; HEX0[6]     ; 13.676 ; 13.676 ; 13.676 ; 13.676 ;
; SW[3]      ; HEX1[0]     ; 11.428 ; 10.485 ; 10.485 ; 11.428 ;
; SW[3]      ; HEX1[3]     ; 11.210 ; 10.267 ; 10.267 ; 11.210 ;
; SW[3]      ; HEX1[4]     ; 11.230 ; 10.287 ; 10.287 ; 11.230 ;
; SW[3]      ; HEX1[5]     ; 10.773 ; 9.830  ; 9.830  ; 10.773 ;
; SW[3]      ; HEX4[0]     ; 9.035  ; 9.035  ; 9.035  ; 9.035  ;
; SW[3]      ; HEX4[1]     ; 7.756  ;        ;        ; 7.756  ;
; SW[3]      ; HEX4[2]     ; 7.854  ;        ;        ; 7.854  ;
; SW[3]      ; HEX4[3]     ; 7.900  ;        ;        ; 7.900  ;
; SW[3]      ; HEX4[4]     ; 7.531  ;        ;        ; 7.531  ;
; SW[3]      ; HEX4[5]     ; 9.178  ; 9.178  ; 9.178  ; 9.178  ;
; SW[3]      ; HEX4[6]     ; 8.364  ; 8.364  ; 8.364  ; 8.364  ;
; SW[3]      ; LEDG[3]     ; 8.602  ; 8.602  ; 8.602  ; 8.602  ;
; SW[3]      ; LEDG[4]     ; 10.393 ;        ;        ; 10.393 ;
; SW[3]      ; LEDG[7]     ; 9.654  ;        ;        ; 9.654  ;
; SW[3]      ; LEDR[3]     ; 6.931  ;        ;        ; 6.931  ;
; SW[4]      ; HEX0[0]     ; 14.606 ; 14.606 ; 14.606 ; 14.606 ;
; SW[4]      ; HEX0[1]     ; 14.538 ; 14.538 ; 14.538 ; 14.538 ;
; SW[4]      ; HEX0[2]     ; 14.319 ; 14.319 ; 14.319 ; 14.319 ;
; SW[4]      ; HEX0[3]     ; 13.634 ; 13.634 ; 13.634 ; 13.634 ;
; SW[4]      ; HEX0[4]     ; 13.602 ; 13.602 ; 13.602 ; 13.602 ;
; SW[4]      ; HEX0[5]     ; 14.090 ; 14.090 ; 14.090 ; 14.090 ;
; SW[4]      ; HEX0[6]     ; 14.090 ; 14.090 ; 14.090 ; 14.090 ;
; SW[4]      ; HEX1[0]     ; 12.178 ; 10.875 ; 10.875 ; 12.178 ;
; SW[4]      ; HEX1[3]     ; 11.960 ; 10.657 ; 10.657 ; 11.960 ;
; SW[4]      ; HEX1[4]     ; 11.980 ; 10.677 ; 10.677 ; 11.980 ;
; SW[4]      ; HEX1[5]     ; 11.523 ; 10.220 ; 10.220 ; 11.523 ;
; SW[4]      ; HEX6[0]     ; 7.650  ; 7.650  ; 7.650  ; 7.650  ;
; SW[4]      ; HEX6[1]     ; 8.685  ; 8.685  ; 8.685  ; 8.685  ;
; SW[4]      ; HEX6[2]     ;        ; 8.409  ; 8.409  ;        ;
; SW[4]      ; HEX6[3]     ; 8.803  ; 8.803  ; 8.803  ; 8.803  ;
; SW[4]      ; HEX6[4]     ; 8.193  ;        ;        ; 8.193  ;
; SW[4]      ; HEX6[5]     ; 9.285  ;        ;        ; 9.285  ;
; SW[4]      ; HEX6[6]     ; 8.868  ;        ;        ; 8.868  ;
; SW[4]      ; LEDG[0]     ; 8.238  ; 8.238  ; 8.238  ; 8.238  ;
; SW[4]      ; LEDG[1]     ; 9.175  ; 9.175  ; 9.175  ; 9.175  ;
; SW[4]      ; LEDG[2]     ; 8.234  ; 8.234  ; 8.234  ; 8.234  ;
; SW[4]      ; LEDG[3]     ; 8.992  ; 8.992  ; 8.992  ; 8.992  ;
; SW[4]      ; LEDG[4]     ; 11.143 ;        ;        ; 11.143 ;
; SW[4]      ; LEDR[4]     ; 5.283  ;        ;        ; 5.283  ;
; SW[5]      ; HEX0[0]     ; 13.798 ; 13.798 ; 13.798 ; 13.798 ;
; SW[5]      ; HEX0[1]     ; 13.730 ; 13.730 ; 13.730 ; 13.730 ;
; SW[5]      ; HEX0[2]     ; 13.511 ; 13.511 ; 13.511 ; 13.511 ;
; SW[5]      ; HEX0[3]     ; 12.826 ; 12.826 ; 12.826 ; 12.826 ;
; SW[5]      ; HEX0[4]     ; 12.794 ; 12.794 ; 12.794 ; 12.794 ;
; SW[5]      ; HEX0[5]     ; 13.282 ; 13.282 ; 13.282 ; 13.282 ;
; SW[5]      ; HEX0[6]     ; 13.282 ; 13.282 ; 13.282 ; 13.282 ;
; SW[5]      ; HEX1[0]     ; 11.370 ; 10.185 ; 10.185 ; 11.370 ;
; SW[5]      ; HEX1[3]     ; 11.152 ; 9.967  ; 9.967  ; 11.152 ;
; SW[5]      ; HEX1[4]     ; 11.172 ; 9.987  ; 9.987  ; 11.172 ;
; SW[5]      ; HEX1[5]     ; 10.715 ; 9.530  ; 9.530  ; 10.715 ;
; SW[5]      ; HEX6[0]     ; 8.021  ; 8.021  ; 8.021  ; 8.021  ;
; SW[5]      ; HEX6[1]     ; 9.057  ; 9.057  ; 9.057  ; 9.057  ;
; SW[5]      ; HEX6[2]     ; 8.781  ;        ;        ; 8.781  ;
; SW[5]      ; HEX6[3]     ; 9.174  ; 9.174  ; 9.174  ; 9.174  ;
; SW[5]      ; HEX6[4]     ; 8.564  ; 8.564  ; 8.564  ; 8.564  ;
; SW[5]      ; HEX6[5]     ; 9.652  ;        ;        ; 9.652  ;
; SW[5]      ; HEX6[6]     ; 9.237  ; 9.237  ; 9.237  ; 9.237  ;
; SW[5]      ; LEDG[1]     ; 8.710  ; 8.710  ; 8.710  ; 8.710  ;
; SW[5]      ; LEDG[2]     ; 7.766  ; 7.766  ; 7.766  ; 7.766  ;
; SW[5]      ; LEDG[3]     ; 8.184  ; 8.184  ; 8.184  ; 8.184  ;
; SW[5]      ; LEDG[4]     ; 10.335 ;        ;        ; 10.335 ;
; SW[5]      ; LEDG[7]     ; 9.005  ;        ;        ; 9.005  ;
; SW[5]      ; LEDR[5]     ; 5.719  ;        ;        ; 5.719  ;
; SW[6]      ; HEX0[0]     ; 13.937 ; 13.937 ; 13.937 ; 13.937 ;
; SW[6]      ; HEX0[1]     ; 13.869 ; 13.869 ; 13.869 ; 13.869 ;
; SW[6]      ; HEX0[2]     ; 13.650 ; 13.650 ; 13.650 ; 13.650 ;
; SW[6]      ; HEX0[3]     ; 12.965 ; 12.965 ; 12.965 ; 12.965 ;
; SW[6]      ; HEX0[4]     ; 12.933 ; 12.933 ; 12.933 ; 12.933 ;
; SW[6]      ; HEX0[5]     ; 13.421 ; 13.421 ; 13.421 ; 13.421 ;
; SW[6]      ; HEX0[6]     ; 13.421 ; 13.421 ; 13.421 ; 13.421 ;
; SW[6]      ; HEX1[0]     ; 10.797 ; 10.321 ; 10.321 ; 10.797 ;
; SW[6]      ; HEX1[3]     ; 10.579 ; 10.103 ; 10.103 ; 10.579 ;
; SW[6]      ; HEX1[4]     ; 10.599 ; 10.123 ; 10.123 ; 10.599 ;
; SW[6]      ; HEX1[5]     ; 10.142 ; 9.666  ; 9.666  ; 10.142 ;
; SW[6]      ; HEX6[0]     ; 7.804  ; 7.804  ; 7.804  ; 7.804  ;
; SW[6]      ; HEX6[1]     ; 8.839  ;        ;        ; 8.839  ;
; SW[6]      ; HEX6[2]     ; 8.575  ; 8.575  ; 8.575  ; 8.575  ;
; SW[6]      ; HEX6[3]     ; 8.960  ; 8.960  ; 8.960  ; 8.960  ;
; SW[6]      ; HEX6[4]     ; 8.359  ;        ;        ; 8.359  ;
; SW[6]      ; HEX6[5]     ; 9.457  ; 9.457  ; 9.457  ; 9.457  ;
; SW[6]      ; HEX6[6]     ; 9.032  ; 9.032  ; 9.032  ; 9.032  ;
; SW[6]      ; LEDG[2]     ; 8.108  ; 8.108  ; 8.108  ; 8.108  ;
; SW[6]      ; LEDG[3]     ; 7.789  ; 7.789  ; 7.789  ; 7.789  ;
; SW[6]      ; LEDG[4]     ; 9.762  ;        ;        ; 9.762  ;
; SW[6]      ; LEDG[7]     ; 9.149  ;        ;        ; 9.149  ;
; SW[6]      ; LEDR[6]     ; 5.427  ;        ;        ; 5.427  ;
; SW[7]      ; HEX0[0]     ; 15.157 ; 15.157 ; 15.157 ; 15.157 ;
; SW[7]      ; HEX0[1]     ; 15.089 ; 15.089 ; 15.089 ; 15.089 ;
; SW[7]      ; HEX0[2]     ; 14.870 ; 14.870 ; 14.870 ; 14.870 ;
; SW[7]      ; HEX0[3]     ; 14.185 ; 14.185 ; 14.185 ; 14.185 ;
; SW[7]      ; HEX0[4]     ; 14.153 ; 14.153 ; 14.153 ; 14.153 ;
; SW[7]      ; HEX0[5]     ; 14.641 ; 14.641 ; 14.641 ; 14.641 ;
; SW[7]      ; HEX0[6]     ; 14.641 ; 14.641 ; 14.641 ; 14.641 ;
; SW[7]      ; HEX1[0]     ; 12.417 ; 11.450 ; 11.450 ; 12.417 ;
; SW[7]      ; HEX1[3]     ; 12.199 ; 11.232 ; 11.232 ; 12.199 ;
; SW[7]      ; HEX1[4]     ; 12.219 ; 11.252 ; 11.252 ; 12.219 ;
; SW[7]      ; HEX1[5]     ; 11.762 ; 10.795 ; 10.795 ; 11.762 ;
; SW[7]      ; HEX6[0]     ; 8.967  ; 8.967  ; 8.967  ; 8.967  ;
; SW[7]      ; HEX6[1]     ; 10.003 ;        ;        ; 10.003 ;
; SW[7]      ; HEX6[2]     ; 9.727  ;        ;        ; 9.727  ;
; SW[7]      ; HEX6[3]     ; 10.122 ;        ;        ; 10.122 ;
; SW[7]      ; HEX6[4]     ; 9.515  ;        ;        ; 9.515  ;
; SW[7]      ; HEX6[5]     ; 10.610 ; 10.610 ; 10.610 ; 10.610 ;
; SW[7]      ; HEX6[6]     ; 10.188 ; 10.188 ; 10.188 ; 10.188 ;
; SW[7]      ; LEDG[3]     ; 9.567  ; 9.567  ; 9.567  ; 9.567  ;
; SW[7]      ; LEDG[4]     ; 11.382 ;        ;        ; 11.382 ;
; SW[7]      ; LEDG[7]     ; 10.228 ;        ;        ; 10.228 ;
; SW[7]      ; LEDR[7]     ; 6.290  ;        ;        ; 6.290  ;
; SW[8]      ; HEX0[0]     ; 16.368 ; 16.368 ; 16.368 ; 16.368 ;
; SW[8]      ; HEX0[1]     ; 16.300 ; 16.300 ; 16.300 ; 16.300 ;
; SW[8]      ; HEX0[2]     ; 16.081 ; 16.081 ; 16.081 ; 16.081 ;
; SW[8]      ; HEX0[3]     ; 15.396 ; 15.396 ; 15.396 ; 15.396 ;
; SW[8]      ; HEX0[4]     ; 15.364 ; 15.364 ; 15.364 ; 15.364 ;
; SW[8]      ; HEX0[5]     ; 15.852 ; 15.852 ; 15.852 ; 15.852 ;
; SW[8]      ; HEX0[6]     ; 15.852 ; 15.852 ; 15.852 ; 15.852 ;
; SW[8]      ; HEX1[0]     ; 13.940 ; 12.637 ; 12.637 ; 13.940 ;
; SW[8]      ; HEX1[3]     ; 13.722 ; 12.419 ; 12.419 ; 13.722 ;
; SW[8]      ; HEX1[4]     ; 13.742 ; 12.439 ; 12.439 ; 13.742 ;
; SW[8]      ; HEX1[5]     ; 13.285 ; 11.982 ; 11.982 ; 13.285 ;
; SW[8]      ; LEDG[0]     ; 9.993  ; 9.993  ; 9.993  ; 9.993  ;
; SW[8]      ; LEDG[1]     ; 10.937 ; 10.937 ; 10.937 ; 10.937 ;
; SW[8]      ; LEDG[2]     ; 9.996  ; 9.996  ; 9.996  ; 9.996  ;
; SW[8]      ; LEDG[3]     ; 10.754 ; 10.754 ; 10.754 ; 10.754 ;
; SW[8]      ; LEDG[4]     ; 12.905 ;        ;        ; 12.905 ;
; SW[8]      ; LEDR[8]     ; 5.886  ;        ;        ; 5.886  ;
+------------+-------------+--------+--------+--------+--------+


+--------------------------------------------------------------+
; Minimum Propagation Delay                                    ;
+------------+-------------+--------+--------+--------+--------+
; Input Port ; Output Port ; RR     ; RF     ; FR     ; FF     ;
+------------+-------------+--------+--------+--------+--------+
; SW[0]      ; HEX0[0]     ; 8.945  ; 8.945  ; 8.945  ; 8.945  ;
; SW[0]      ; HEX0[1]     ; 8.693  ; 8.693  ; 8.693  ; 8.693  ;
; SW[0]      ; HEX0[2]     ; 8.410  ; 8.410  ; 8.410  ; 8.410  ;
; SW[0]      ; HEX0[3]     ; 8.393  ; 8.393  ; 8.393  ; 8.393  ;
; SW[0]      ; HEX0[4]     ; 7.970  ; 7.970  ; 7.970  ; 7.970  ;
; SW[0]      ; HEX0[5]     ; 8.174  ; 8.174  ; 8.174  ; 8.174  ;
; SW[0]      ; HEX0[6]     ; 8.175  ; 8.175  ; 8.175  ; 8.175  ;
; SW[0]      ; HEX1[0]     ; 11.192 ; 11.192 ; 11.192 ; 11.192 ;
; SW[0]      ; HEX1[3]     ; 10.974 ; 10.974 ; 10.974 ; 10.974 ;
; SW[0]      ; HEX1[4]     ; 10.994 ; 10.994 ; 10.994 ; 10.994 ;
; SW[0]      ; HEX1[5]     ; 10.537 ; 10.537 ; 10.537 ; 10.537 ;
; SW[0]      ; HEX4[0]     ; 9.620  ; 9.620  ; 9.620  ; 9.620  ;
; SW[0]      ; HEX4[1]     ; 8.348  ; 8.348  ; 8.348  ; 8.348  ;
; SW[0]      ; HEX4[2]     ;        ; 8.443  ; 8.443  ;        ;
; SW[0]      ; HEX4[3]     ; 8.468  ; 8.468  ; 8.468  ; 8.468  ;
; SW[0]      ; HEX4[4]     ; 8.125  ;        ;        ; 8.125  ;
; SW[0]      ; HEX4[5]     ; 9.748  ;        ;        ; 9.748  ;
; SW[0]      ; HEX4[6]     ; 9.229  ;        ;        ; 9.229  ;
; SW[0]      ; LEDG[0]     ; 8.973  ; 8.973  ; 8.973  ; 8.973  ;
; SW[0]      ; LEDG[1]     ; 9.920  ; 9.920  ; 9.920  ; 9.920  ;
; SW[0]      ; LEDG[2]     ; 8.979  ; 8.979  ; 8.979  ; 8.979  ;
; SW[0]      ; LEDG[3]     ; 9.737  ; 9.737  ; 9.737  ; 9.737  ;
; SW[0]      ; LEDG[4]     ; 11.888 ;        ;        ; 11.888 ;
; SW[0]      ; LEDR[0]     ; 5.976  ;        ;        ; 5.976  ;
; SW[1]      ; HEX0[0]     ; 9.312  ; 9.312  ; 9.312  ; 9.312  ;
; SW[1]      ; HEX0[1]     ; 9.060  ; 9.060  ; 9.060  ; 9.060  ;
; SW[1]      ; HEX0[2]     ; 9.123  ; 9.123  ; 9.123  ; 9.123  ;
; SW[1]      ; HEX0[3]     ; 8.663  ; 8.663  ; 8.663  ; 8.663  ;
; SW[1]      ; HEX0[4]     ; 8.946  ; 8.946  ; 8.946  ; 8.946  ;
; SW[1]      ; HEX0[5]     ; 8.894  ; 8.894  ; 8.894  ; 8.894  ;
; SW[1]      ; HEX0[6]     ; 8.894  ; 8.894  ; 8.894  ; 8.894  ;
; SW[1]      ; HEX1[0]     ; 10.496 ; 10.496 ; 10.496 ; 10.496 ;
; SW[1]      ; HEX1[3]     ; 10.278 ; 10.278 ; 10.278 ; 10.278 ;
; SW[1]      ; HEX1[4]     ; 10.298 ; 10.298 ; 10.298 ; 10.298 ;
; SW[1]      ; HEX1[5]     ; 9.841  ; 9.841  ; 9.841  ; 9.841  ;
; SW[1]      ; HEX4[0]     ; 9.515  ; 9.515  ; 9.515  ; 9.515  ;
; SW[1]      ; HEX4[1]     ; 8.243  ; 8.243  ; 8.243  ; 8.243  ;
; SW[1]      ; HEX4[2]     ; 8.338  ;        ;        ; 8.338  ;
; SW[1]      ; HEX4[3]     ; 8.375  ; 8.375  ; 8.375  ; 8.375  ;
; SW[1]      ; HEX4[4]     ; 8.019  ; 8.019  ; 8.019  ; 8.019  ;
; SW[1]      ; HEX4[5]     ; 9.655  ;        ;        ; 9.655  ;
; SW[1]      ; HEX4[6]     ; 9.081  ; 9.081  ; 9.081  ; 9.081  ;
; SW[1]      ; LEDG[1]     ; 9.251  ; 9.251  ; 9.251  ; 9.251  ;
; SW[1]      ; LEDG[2]     ; 8.616  ; 8.616  ; 8.616  ; 8.616  ;
; SW[1]      ; LEDG[3]     ; 8.613  ; 8.613  ; 8.613  ; 8.613  ;
; SW[1]      ; LEDG[4]     ; 10.764 ;        ;        ; 10.764 ;
; SW[1]      ; LEDG[7]     ; 10.131 ;        ;        ; 10.131 ;
; SW[1]      ; LEDR[1]     ; 6.485  ;        ;        ; 6.485  ;
; SW[2]      ; HEX0[0]     ; 9.224  ; 9.224  ; 9.224  ; 9.224  ;
; SW[2]      ; HEX0[1]     ; 9.232  ; 9.232  ; 9.232  ; 9.232  ;
; SW[2]      ; HEX0[2]     ; 9.183  ; 9.183  ; 9.183  ; 9.183  ;
; SW[2]      ; HEX0[3]     ; 8.904  ; 8.904  ; 8.904  ; 8.904  ;
; SW[2]      ; HEX0[4]     ; 9.113  ; 9.113  ; 9.113  ; 9.113  ;
; SW[2]      ; HEX0[5]     ; 8.954  ; 8.954  ; 8.954  ; 8.954  ;
; SW[2]      ; HEX0[6]     ; 8.958  ; 8.958  ; 8.958  ; 8.958  ;
; SW[2]      ; HEX1[0]     ; 10.068 ; 10.068 ; 10.068 ; 10.068 ;
; SW[2]      ; HEX1[3]     ; 9.850  ; 9.850  ; 9.850  ; 9.850  ;
; SW[2]      ; HEX1[4]     ; 9.870  ; 9.870  ; 9.870  ; 9.870  ;
; SW[2]      ; HEX1[5]     ; 9.413  ; 9.413  ; 9.413  ; 9.413  ;
; SW[2]      ; HEX4[0]     ; 9.324  ; 9.324  ; 9.324  ; 9.324  ;
; SW[2]      ; HEX4[1]     ; 8.053  ;        ;        ; 8.053  ;
; SW[2]      ; HEX4[2]     ; 8.148  ; 8.148  ; 8.148  ; 8.148  ;
; SW[2]      ; HEX4[3]     ; 8.168  ; 8.168  ; 8.168  ; 8.168  ;
; SW[2]      ; HEX4[4]     ; 7.829  ;        ;        ; 7.829  ;
; SW[2]      ; HEX4[5]     ; 9.451  ; 9.451  ; 9.451  ; 9.451  ;
; SW[2]      ; HEX4[6]     ; 9.158  ; 9.158  ; 9.158  ; 9.158  ;
; SW[2]      ; LEDG[2]     ; 8.519  ; 8.519  ; 8.519  ; 8.519  ;
; SW[2]      ; LEDG[3]     ; 8.185  ; 8.185  ; 8.185  ; 8.185  ;
; SW[2]      ; LEDG[4]     ; 10.151 ;        ;        ; 10.151 ;
; SW[2]      ; LEDG[7]     ; 9.927  ;        ;        ; 9.927  ;
; SW[2]      ; LEDR[2]     ; 5.135  ;        ;        ; 5.135  ;
; SW[3]      ; HEX0[0]     ; 9.539  ; 9.539  ; 9.539  ; 9.539  ;
; SW[3]      ; HEX0[1]     ; 9.261  ; 9.261  ; 9.261  ; 9.261  ;
; SW[3]      ; HEX0[2]     ; 9.500  ; 9.500  ; 9.500  ; 9.500  ;
; SW[3]      ; HEX0[3]     ; 8.554  ; 8.554  ; 8.554  ; 8.554  ;
; SW[3]      ; HEX0[4]     ; 8.728  ; 8.728  ; 8.728  ; 8.728  ;
; SW[3]      ; HEX0[5]     ; 9.271  ; 9.271  ; 9.271  ; 9.271  ;
; SW[3]      ; HEX0[6]     ; 9.275  ; 9.275  ; 9.275  ; 9.275  ;
; SW[3]      ; HEX1[0]     ; 10.249 ; 10.485 ; 10.485 ; 10.249 ;
; SW[3]      ; HEX1[3]     ; 10.031 ; 10.267 ; 10.267 ; 10.031 ;
; SW[3]      ; HEX1[4]     ; 10.051 ; 10.287 ; 10.287 ; 10.051 ;
; SW[3]      ; HEX1[5]     ; 9.594  ; 9.830  ; 9.830  ; 9.594  ;
; SW[3]      ; HEX4[0]     ; 9.035  ; 9.035  ; 9.035  ; 9.035  ;
; SW[3]      ; HEX4[1]     ; 7.756  ;        ;        ; 7.756  ;
; SW[3]      ; HEX4[2]     ; 7.854  ;        ;        ; 7.854  ;
; SW[3]      ; HEX4[3]     ; 7.900  ;        ;        ; 7.900  ;
; SW[3]      ; HEX4[4]     ; 7.531  ;        ;        ; 7.531  ;
; SW[3]      ; HEX4[5]     ; 9.178  ; 9.178  ; 9.178  ; 9.178  ;
; SW[3]      ; HEX4[6]     ; 8.364  ; 8.364  ; 8.364  ; 8.364  ;
; SW[3]      ; LEDG[3]     ; 8.602  ; 8.602  ; 8.602  ; 8.602  ;
; SW[3]      ; LEDG[4]     ; 9.214  ;        ;        ; 9.214  ;
; SW[3]      ; LEDG[7]     ; 9.654  ;        ;        ; 9.654  ;
; SW[3]      ; LEDR[3]     ; 6.931  ;        ;        ; 6.931  ;
; SW[4]      ; HEX0[0]     ; 8.210  ; 8.210  ; 8.210  ; 8.210  ;
; SW[4]      ; HEX0[1]     ; 7.958  ; 7.958  ; 7.958  ; 7.958  ;
; SW[4]      ; HEX0[2]     ; 7.675  ; 7.675  ; 7.675  ; 7.675  ;
; SW[4]      ; HEX0[3]     ; 7.658  ; 7.658  ; 7.658  ; 7.658  ;
; SW[4]      ; HEX0[4]     ; 7.235  ; 7.235  ; 7.235  ; 7.235  ;
; SW[4]      ; HEX0[5]     ; 7.439  ; 7.439  ; 7.439  ; 7.439  ;
; SW[4]      ; HEX0[6]     ; 7.440  ; 7.440  ; 7.440  ; 7.440  ;
; SW[4]      ; HEX1[0]     ; 10.447 ; 10.447 ; 10.447 ; 10.447 ;
; SW[4]      ; HEX1[3]     ; 10.229 ; 10.229 ; 10.229 ; 10.229 ;
; SW[4]      ; HEX1[4]     ; 10.249 ; 10.249 ; 10.249 ; 10.249 ;
; SW[4]      ; HEX1[5]     ; 9.792  ; 9.792  ; 9.792  ; 9.792  ;
; SW[4]      ; HEX6[0]     ; 7.650  ; 7.650  ; 7.650  ; 7.650  ;
; SW[4]      ; HEX6[1]     ; 8.685  ; 8.685  ; 8.685  ; 8.685  ;
; SW[4]      ; HEX6[2]     ;        ; 8.409  ; 8.409  ;        ;
; SW[4]      ; HEX6[3]     ; 8.803  ; 8.803  ; 8.803  ; 8.803  ;
; SW[4]      ; HEX6[4]     ; 8.193  ;        ;        ; 8.193  ;
; SW[4]      ; HEX6[5]     ; 9.285  ;        ;        ; 9.285  ;
; SW[4]      ; HEX6[6]     ; 8.868  ;        ;        ; 8.868  ;
; SW[4]      ; LEDG[0]     ; 8.238  ; 8.238  ; 8.238  ; 8.238  ;
; SW[4]      ; LEDG[1]     ; 9.175  ; 9.175  ; 9.175  ; 9.175  ;
; SW[4]      ; LEDG[2]     ; 8.234  ; 8.234  ; 8.234  ; 8.234  ;
; SW[4]      ; LEDG[3]     ; 8.992  ; 8.992  ; 8.992  ; 8.992  ;
; SW[4]      ; LEDG[4]     ; 11.143 ;        ;        ; 11.143 ;
; SW[4]      ; LEDR[4]     ; 5.283  ;        ;        ; 5.283  ;
; SW[5]      ; HEX0[0]     ; 8.771  ; 8.771  ; 8.771  ; 8.771  ;
; SW[5]      ; HEX0[1]     ; 8.519  ; 8.519  ; 8.519  ; 8.519  ;
; SW[5]      ; HEX0[2]     ; 8.582  ; 8.582  ; 8.582  ; 8.582  ;
; SW[5]      ; HEX0[3]     ; 8.122  ; 8.122  ; 8.122  ; 8.122  ;
; SW[5]      ; HEX0[4]     ; 8.214  ; 8.214  ; 8.214  ; 8.214  ;
; SW[5]      ; HEX0[5]     ; 8.353  ; 8.353  ; 8.353  ; 8.353  ;
; SW[5]      ; HEX0[6]     ; 8.353  ; 8.353  ; 8.353  ; 8.353  ;
; SW[5]      ; HEX1[0]     ; 9.979  ; 9.979  ; 9.979  ; 9.979  ;
; SW[5]      ; HEX1[3]     ; 9.761  ; 9.761  ; 9.761  ; 9.761  ;
; SW[5]      ; HEX1[4]     ; 9.781  ; 9.781  ; 9.781  ; 9.781  ;
; SW[5]      ; HEX1[5]     ; 9.324  ; 9.324  ; 9.324  ; 9.324  ;
; SW[5]      ; HEX6[0]     ; 8.021  ; 8.021  ; 8.021  ; 8.021  ;
; SW[5]      ; HEX6[1]     ; 9.057  ; 9.057  ; 9.057  ; 9.057  ;
; SW[5]      ; HEX6[2]     ; 8.781  ;        ;        ; 8.781  ;
; SW[5]      ; HEX6[3]     ; 9.174  ; 9.174  ; 9.174  ; 9.174  ;
; SW[5]      ; HEX6[4]     ; 8.564  ; 8.564  ; 8.564  ; 8.564  ;
; SW[5]      ; HEX6[5]     ; 9.652  ;        ;        ; 9.652  ;
; SW[5]      ; HEX6[6]     ; 9.237  ; 9.237  ; 9.237  ; 9.237  ;
; SW[5]      ; LEDG[1]     ; 8.710  ; 8.710  ; 8.710  ; 8.710  ;
; SW[5]      ; LEDG[2]     ; 7.766  ; 7.766  ; 7.766  ; 7.766  ;
; SW[5]      ; LEDG[3]     ; 8.184  ; 8.184  ; 8.184  ; 8.184  ;
; SW[5]      ; LEDG[4]     ; 10.335 ;        ;        ; 10.335 ;
; SW[5]      ; LEDG[7]     ; 9.005  ;        ;        ; 9.005  ;
; SW[5]      ; LEDR[5]     ; 5.719  ;        ;        ; 5.719  ;
; SW[6]      ; HEX0[0]     ; 8.828  ; 8.828  ; 8.828  ; 8.828  ;
; SW[6]      ; HEX0[1]     ; 8.836  ; 8.836  ; 8.836  ; 8.836  ;
; SW[6]      ; HEX0[2]     ; 8.787  ; 8.787  ; 8.787  ; 8.787  ;
; SW[6]      ; HEX0[3]     ; 8.508  ; 8.508  ; 8.508  ; 8.508  ;
; SW[6]      ; HEX0[4]     ; 8.702  ; 8.702  ; 8.702  ; 8.702  ;
; SW[6]      ; HEX0[5]     ; 8.558  ; 8.558  ; 8.558  ; 8.558  ;
; SW[6]      ; HEX0[6]     ; 8.562  ; 8.562  ; 8.562  ; 8.562  ;
; SW[6]      ; HEX1[0]     ; 9.672  ; 9.672  ; 9.672  ; 9.672  ;
; SW[6]      ; HEX1[3]     ; 9.454  ; 9.454  ; 9.454  ; 9.454  ;
; SW[6]      ; HEX1[4]     ; 9.474  ; 9.474  ; 9.474  ; 9.474  ;
; SW[6]      ; HEX1[5]     ; 9.017  ; 9.017  ; 9.017  ; 9.017  ;
; SW[6]      ; HEX6[0]     ; 7.804  ; 7.804  ; 7.804  ; 7.804  ;
; SW[6]      ; HEX6[1]     ; 8.839  ;        ;        ; 8.839  ;
; SW[6]      ; HEX6[2]     ; 8.575  ; 8.575  ; 8.575  ; 8.575  ;
; SW[6]      ; HEX6[3]     ; 8.960  ; 8.960  ; 8.960  ; 8.960  ;
; SW[6]      ; HEX6[4]     ; 8.359  ;        ;        ; 8.359  ;
; SW[6]      ; HEX6[5]     ; 9.457  ; 9.457  ; 9.457  ; 9.457  ;
; SW[6]      ; HEX6[6]     ; 9.032  ; 9.032  ; 9.032  ; 9.032  ;
; SW[6]      ; LEDG[2]     ; 8.108  ; 8.108  ; 8.108  ; 8.108  ;
; SW[6]      ; LEDG[3]     ; 7.789  ; 7.789  ; 7.789  ; 7.789  ;
; SW[6]      ; LEDG[4]     ; 9.762  ;        ;        ; 9.762  ;
; SW[6]      ; LEDG[7]     ; 9.149  ;        ;        ; 9.149  ;
; SW[6]      ; LEDR[6]     ; 5.427  ;        ;        ; 5.427  ;
; SW[7]      ; HEX0[0]     ; 10.194 ; 10.194 ; 10.194 ; 10.194 ;
; SW[7]      ; HEX0[1]     ; 9.916  ; 9.916  ; 9.916  ; 9.916  ;
; SW[7]      ; HEX0[2]     ; 10.155 ; 10.155 ; 10.155 ; 10.155 ;
; SW[7]      ; HEX0[3]     ; 9.209  ; 9.209  ; 9.209  ; 9.209  ;
; SW[7]      ; HEX0[4]     ; 9.383  ; 9.383  ; 9.383  ; 9.383  ;
; SW[7]      ; HEX0[5]     ; 9.926  ; 9.926  ; 9.926  ; 9.926  ;
; SW[7]      ; HEX0[6]     ; 9.930  ; 9.930  ; 9.930  ; 9.930  ;
; SW[7]      ; HEX1[0]     ; 11.208 ; 11.450 ; 11.450 ; 11.208 ;
; SW[7]      ; HEX1[3]     ; 10.990 ; 11.232 ; 11.232 ; 10.990 ;
; SW[7]      ; HEX1[4]     ; 11.010 ; 11.252 ; 11.252 ; 11.010 ;
; SW[7]      ; HEX1[5]     ; 10.553 ; 10.795 ; 10.795 ; 10.553 ;
; SW[7]      ; HEX6[0]     ; 8.967  ; 8.967  ; 8.967  ; 8.967  ;
; SW[7]      ; HEX6[1]     ; 10.003 ;        ;        ; 10.003 ;
; SW[7]      ; HEX6[2]     ; 9.727  ;        ;        ; 9.727  ;
; SW[7]      ; HEX6[3]     ; 10.122 ;        ;        ; 10.122 ;
; SW[7]      ; HEX6[4]     ; 9.515  ;        ;        ; 9.515  ;
; SW[7]      ; HEX6[5]     ; 10.610 ; 10.610 ; 10.610 ; 10.610 ;
; SW[7]      ; HEX6[6]     ; 10.188 ; 10.188 ; 10.188 ; 10.188 ;
; SW[7]      ; LEDG[3]     ; 9.567  ; 9.567  ; 9.567  ; 9.567  ;
; SW[7]      ; LEDG[4]     ; 10.173 ;        ;        ; 10.173 ;
; SW[7]      ; LEDG[7]     ; 10.228 ;        ;        ; 10.228 ;
; SW[7]      ; LEDR[7]     ; 6.290  ;        ;        ; 6.290  ;
; SW[8]      ; HEX0[0]     ; 9.965  ; 9.965  ; 9.965  ; 9.965  ;
; SW[8]      ; HEX0[1]     ; 9.713  ; 9.713  ; 9.713  ; 9.713  ;
; SW[8]      ; HEX0[2]     ; 9.430  ; 9.430  ; 9.430  ; 9.430  ;
; SW[8]      ; HEX0[3]     ; 9.413  ; 9.413  ; 9.413  ; 9.413  ;
; SW[8]      ; HEX0[4]     ; 8.990  ; 8.990  ; 8.990  ; 8.990  ;
; SW[8]      ; HEX0[5]     ; 9.194  ; 9.194  ; 9.194  ; 9.194  ;
; SW[8]      ; HEX0[6]     ; 9.195  ; 9.195  ; 9.195  ; 9.195  ;
; SW[8]      ; HEX1[0]     ; 12.209 ; 12.209 ; 12.209 ; 12.209 ;
; SW[8]      ; HEX1[3]     ; 11.991 ; 11.991 ; 11.991 ; 11.991 ;
; SW[8]      ; HEX1[4]     ; 12.011 ; 12.011 ; 12.011 ; 12.011 ;
; SW[8]      ; HEX1[5]     ; 11.554 ; 11.554 ; 11.554 ; 11.554 ;
; SW[8]      ; LEDG[0]     ; 9.993  ; 9.993  ; 9.993  ; 9.993  ;
; SW[8]      ; LEDG[1]     ; 10.937 ; 10.937 ; 10.937 ; 10.937 ;
; SW[8]      ; LEDG[2]     ; 9.996  ; 9.996  ; 9.996  ; 9.996  ;
; SW[8]      ; LEDG[3]     ; 10.754 ; 10.754 ; 10.754 ; 10.754 ;
; SW[8]      ; LEDG[4]     ; 12.905 ;        ;        ; 12.905 ;
; SW[8]      ; LEDR[8]     ; 5.886  ;        ;        ; 5.886  ;
+------------+-------------+--------+--------+--------+--------+


----------------------------
; Fast Model Setup Summary ;
----------------------------
No paths to report.


---------------------------
; Fast Model Hold Summary ;
---------------------------
No paths to report.


-------------------------------
; Fast Model Recovery Summary ;
-------------------------------
No paths to report.


------------------------------
; Fast Model Removal Summary ;
------------------------------
No paths to report.


------------------------------------------
; Fast Model Minimum Pulse Width Summary ;
------------------------------------------
No paths to report.


+----------------------------------------------------------+
; Propagation Delay                                        ;
+------------+-------------+-------+-------+-------+-------+
; Input Port ; Output Port ; RR    ; RF    ; FR    ; FF    ;
+------------+-------------+-------+-------+-------+-------+
; SW[0]      ; HEX0[0]     ; 7.334 ; 7.334 ; 7.334 ; 7.334 ;
; SW[0]      ; HEX0[1]     ; 7.282 ; 7.282 ; 7.282 ; 7.282 ;
; SW[0]      ; HEX0[2]     ; 7.198 ; 7.198 ; 7.198 ; 7.198 ;
; SW[0]      ; HEX0[3]     ; 6.908 ; 6.908 ; 6.908 ; 6.908 ;
; SW[0]      ; HEX0[4]     ; 6.892 ; 6.892 ; 6.892 ; 6.892 ;
; SW[0]      ; HEX0[5]     ; 7.098 ; 7.098 ; 7.098 ; 7.098 ;
; SW[0]      ; HEX0[6]     ; 7.098 ; 7.098 ; 7.098 ; 7.098 ;
; SW[0]      ; HEX1[0]     ; 6.314 ; 5.760 ; 5.760 ; 6.314 ;
; SW[0]      ; HEX1[3]     ; 6.146 ; 5.592 ; 5.592 ; 6.146 ;
; SW[0]      ; HEX1[4]     ; 6.166 ; 5.612 ; 5.612 ; 6.166 ;
; SW[0]      ; HEX1[5]     ; 5.972 ; 5.418 ; 5.418 ; 5.972 ;
; SW[0]      ; HEX4[0]     ; 4.967 ; 4.967 ; 4.967 ; 4.967 ;
; SW[0]      ; HEX4[1]     ; 4.348 ; 4.348 ; 4.348 ; 4.348 ;
; SW[0]      ; HEX4[2]     ;       ; 4.361 ; 4.361 ;       ;
; SW[0]      ; HEX4[3]     ; 4.364 ; 4.364 ; 4.364 ; 4.364 ;
; SW[0]      ; HEX4[4]     ; 4.253 ;       ;       ; 4.253 ;
; SW[0]      ; HEX4[5]     ; 5.021 ;       ;       ; 5.021 ;
; SW[0]      ; HEX4[6]     ; 4.690 ;       ;       ; 4.690 ;
; SW[0]      ; LEDG[0]     ; 4.601 ; 4.601 ; 4.601 ; 4.601 ;
; SW[0]      ; LEDG[1]     ; 5.013 ; 5.013 ; 5.013 ; 5.013 ;
; SW[0]      ; LEDG[2]     ; 4.616 ; 4.616 ; 4.616 ; 4.616 ;
; SW[0]      ; LEDG[3]     ; 4.927 ; 4.927 ; 4.927 ; 4.927 ;
; SW[0]      ; LEDG[4]     ; 6.018 ;       ;       ; 6.018 ;
; SW[0]      ; LEDR[0]     ; 3.236 ;       ;       ; 3.236 ;
; SW[1]      ; HEX0[0]     ; 6.961 ; 6.961 ; 6.961 ; 6.961 ;
; SW[1]      ; HEX0[1]     ; 6.909 ; 6.909 ; 6.909 ; 6.909 ;
; SW[1]      ; HEX0[2]     ; 6.825 ; 6.825 ; 6.825 ; 6.825 ;
; SW[1]      ; HEX0[3]     ; 6.535 ; 6.535 ; 6.535 ; 6.535 ;
; SW[1]      ; HEX0[4]     ; 6.519 ; 6.519 ; 6.519 ; 6.519 ;
; SW[1]      ; HEX0[5]     ; 6.725 ; 6.725 ; 6.725 ; 6.725 ;
; SW[1]      ; HEX0[6]     ; 6.725 ; 6.725 ; 6.725 ; 6.725 ;
; SW[1]      ; HEX1[0]     ; 5.825 ; 5.414 ; 5.414 ; 5.825 ;
; SW[1]      ; HEX1[3]     ; 5.657 ; 5.246 ; 5.246 ; 5.657 ;
; SW[1]      ; HEX1[4]     ; 5.677 ; 5.266 ; 5.266 ; 5.677 ;
; SW[1]      ; HEX1[5]     ; 5.483 ; 5.072 ; 5.072 ; 5.483 ;
; SW[1]      ; HEX4[0]     ; 4.895 ; 4.895 ; 4.895 ; 4.895 ;
; SW[1]      ; HEX4[1]     ; 4.275 ; 4.275 ; 4.275 ; 4.275 ;
; SW[1]      ; HEX4[2]     ; 4.288 ;       ;       ; 4.288 ;
; SW[1]      ; HEX4[3]     ; 4.302 ; 4.302 ; 4.302 ; 4.302 ;
; SW[1]      ; HEX4[4]     ; 4.180 ; 4.180 ; 4.180 ; 4.180 ;
; SW[1]      ; HEX4[5]     ; 4.959 ;       ;       ; 4.959 ;
; SW[1]      ; HEX4[6]     ; 4.615 ; 4.615 ; 4.615 ; 4.615 ;
; SW[1]      ; LEDG[1]     ; 4.721 ; 4.721 ; 4.721 ; 4.721 ;
; SW[1]      ; LEDG[2]     ; 4.453 ; 4.453 ; 4.453 ; 4.453 ;
; SW[1]      ; LEDG[3]     ; 4.438 ; 4.438 ; 4.438 ; 4.438 ;
; SW[1]      ; LEDG[4]     ; 5.529 ;       ;       ; 5.529 ;
; SW[1]      ; LEDG[7]     ; 5.188 ;       ;       ; 5.188 ;
; SW[1]      ; LEDR[1]     ; 3.511 ;       ;       ; 3.511 ;
; SW[2]      ; HEX0[0]     ; 6.920 ; 6.920 ; 6.920 ; 6.920 ;
; SW[2]      ; HEX0[1]     ; 6.868 ; 6.868 ; 6.868 ; 6.868 ;
; SW[2]      ; HEX0[2]     ; 6.784 ; 6.784 ; 6.784 ; 6.784 ;
; SW[2]      ; HEX0[3]     ; 6.494 ; 6.494 ; 6.494 ; 6.494 ;
; SW[2]      ; HEX0[4]     ; 6.478 ; 6.478 ; 6.478 ; 6.478 ;
; SW[2]      ; HEX0[5]     ; 6.684 ; 6.684 ; 6.684 ; 6.684 ;
; SW[2]      ; HEX0[6]     ; 6.684 ; 6.684 ; 6.684 ; 6.684 ;
; SW[2]      ; HEX1[0]     ; 5.582 ; 5.373 ; 5.373 ; 5.582 ;
; SW[2]      ; HEX1[3]     ; 5.414 ; 5.205 ; 5.205 ; 5.414 ;
; SW[2]      ; HEX1[4]     ; 5.434 ; 5.225 ; 5.225 ; 5.434 ;
; SW[2]      ; HEX1[5]     ; 5.240 ; 5.031 ; 5.031 ; 5.240 ;
; SW[2]      ; HEX4[0]     ; 4.837 ; 4.837 ; 4.837 ; 4.837 ;
; SW[2]      ; HEX4[1]     ; 4.219 ;       ;       ; 4.219 ;
; SW[2]      ; HEX4[2]     ; 4.232 ; 4.232 ; 4.232 ; 4.232 ;
; SW[2]      ; HEX4[3]     ; 4.230 ; 4.230 ; 4.230 ; 4.230 ;
; SW[2]      ; HEX4[4]     ; 4.124 ;       ;       ; 4.124 ;
; SW[2]      ; HEX4[5]     ; 4.891 ; 4.891 ; 4.891 ; 4.891 ;
; SW[2]      ; HEX4[6]     ; 4.652 ; 4.652 ; 4.652 ; 4.652 ;
; SW[2]      ; LEDG[2]     ; 4.412 ; 4.412 ; 4.412 ; 4.412 ;
; SW[2]      ; LEDG[3]     ; 4.283 ; 4.283 ; 4.283 ; 4.283 ;
; SW[2]      ; LEDG[4]     ; 5.286 ;       ;       ; 5.286 ;
; SW[2]      ; LEDG[7]     ; 5.121 ;       ;       ; 5.121 ;
; SW[2]      ; LEDR[2]     ; 2.794 ;       ;       ; 2.794 ;
; SW[3]      ; HEX0[0]     ; 6.758 ; 6.758 ; 6.758 ; 6.758 ;
; SW[3]      ; HEX0[1]     ; 6.706 ; 6.706 ; 6.706 ; 6.706 ;
; SW[3]      ; HEX0[2]     ; 6.622 ; 6.622 ; 6.622 ; 6.622 ;
; SW[3]      ; HEX0[3]     ; 6.332 ; 6.332 ; 6.332 ; 6.332 ;
; SW[3]      ; HEX0[4]     ; 6.316 ; 6.316 ; 6.316 ; 6.316 ;
; SW[3]      ; HEX0[5]     ; 6.522 ; 6.522 ; 6.522 ; 6.522 ;
; SW[3]      ; HEX0[6]     ; 6.522 ; 6.522 ; 6.522 ; 6.522 ;
; SW[3]      ; HEX1[0]     ; 5.621 ; 5.184 ; 5.184 ; 5.621 ;
; SW[3]      ; HEX1[3]     ; 5.453 ; 5.016 ; 5.016 ; 5.453 ;
; SW[3]      ; HEX1[4]     ; 5.473 ; 5.036 ; 5.036 ; 5.473 ;
; SW[3]      ; HEX1[5]     ; 5.279 ; 4.842 ; 4.842 ; 5.279 ;
; SW[3]      ; HEX4[0]     ; 4.613 ; 4.613 ; 4.613 ; 4.613 ;
; SW[3]      ; HEX4[1]     ; 3.985 ;       ;       ; 3.985 ;
; SW[3]      ; HEX4[2]     ; 4.006 ;       ;       ; 4.006 ;
; SW[3]      ; HEX4[3]     ; 4.024 ;       ;       ; 4.024 ;
; SW[3]      ; HEX4[4]     ; 3.890 ;       ;       ; 3.890 ;
; SW[3]      ; HEX4[5]     ; 4.680 ; 4.680 ; 4.680 ; 4.680 ;
; SW[3]      ; HEX4[6]     ; 4.199 ; 4.199 ; 4.199 ; 4.199 ;
; SW[3]      ; LEDG[3]     ; 4.351 ; 4.351 ; 4.351 ; 4.351 ;
; SW[3]      ; LEDG[4]     ; 5.325 ;       ;       ; 5.325 ;
; SW[3]      ; LEDG[7]     ; 4.936 ;       ;       ; 4.936 ;
; SW[3]      ; LEDR[3]     ; 3.751 ;       ;       ; 3.751 ;
; SW[4]      ; HEX0[0]     ; 6.877 ; 6.877 ; 6.877 ; 6.877 ;
; SW[4]      ; HEX0[1]     ; 6.825 ; 6.825 ; 6.825 ; 6.825 ;
; SW[4]      ; HEX0[2]     ; 6.741 ; 6.741 ; 6.741 ; 6.741 ;
; SW[4]      ; HEX0[3]     ; 6.451 ; 6.451 ; 6.451 ; 6.451 ;
; SW[4]      ; HEX0[4]     ; 6.435 ; 6.435 ; 6.435 ; 6.435 ;
; SW[4]      ; HEX0[5]     ; 6.641 ; 6.641 ; 6.641 ; 6.641 ;
; SW[4]      ; HEX0[6]     ; 6.641 ; 6.641 ; 6.641 ; 6.641 ;
; SW[4]      ; HEX1[0]     ; 5.857 ; 5.303 ; 5.303 ; 5.857 ;
; SW[4]      ; HEX1[3]     ; 5.689 ; 5.135 ; 5.135 ; 5.689 ;
; SW[4]      ; HEX1[4]     ; 5.709 ; 5.155 ; 5.155 ; 5.709 ;
; SW[4]      ; HEX1[5]     ; 5.515 ; 4.961 ; 4.961 ; 5.515 ;
; SW[4]      ; HEX6[0]     ; 3.906 ; 3.906 ; 3.906 ; 3.906 ;
; SW[4]      ; HEX6[1]     ; 4.401 ; 4.401 ; 4.401 ; 4.401 ;
; SW[4]      ; HEX6[2]     ;       ; 4.221 ; 4.221 ;       ;
; SW[4]      ; HEX6[3]     ; 4.408 ; 4.408 ; 4.408 ; 4.408 ;
; SW[4]      ; HEX6[4]     ; 4.153 ;       ;       ; 4.153 ;
; SW[4]      ; HEX6[5]     ; 4.719 ;       ;       ; 4.719 ;
; SW[4]      ; HEX6[6]     ; 4.452 ;       ;       ; 4.452 ;
; SW[4]      ; LEDG[0]     ; 4.160 ; 4.160 ; 4.160 ; 4.160 ;
; SW[4]      ; LEDG[1]     ; 4.556 ; 4.556 ; 4.556 ; 4.556 ;
; SW[4]      ; LEDG[2]     ; 4.159 ; 4.159 ; 4.159 ; 4.159 ;
; SW[4]      ; LEDG[3]     ; 4.470 ; 4.470 ; 4.470 ; 4.470 ;
; SW[4]      ; LEDG[4]     ; 5.561 ;       ;       ; 5.561 ;
; SW[4]      ; LEDR[4]     ; 2.843 ;       ;       ; 2.843 ;
; SW[5]      ; HEX0[0]     ; 6.559 ; 6.559 ; 6.559 ; 6.559 ;
; SW[5]      ; HEX0[1]     ; 6.507 ; 6.507 ; 6.507 ; 6.507 ;
; SW[5]      ; HEX0[2]     ; 6.423 ; 6.423 ; 6.423 ; 6.423 ;
; SW[5]      ; HEX0[3]     ; 6.133 ; 6.133 ; 6.133 ; 6.133 ;
; SW[5]      ; HEX0[4]     ; 6.117 ; 6.117 ; 6.117 ; 6.117 ;
; SW[5]      ; HEX0[5]     ; 6.323 ; 6.323 ; 6.323 ; 6.323 ;
; SW[5]      ; HEX0[6]     ; 6.323 ; 6.323 ; 6.323 ; 6.323 ;
; SW[5]      ; HEX1[0]     ; 5.539 ; 5.063 ; 5.063 ; 5.539 ;
; SW[5]      ; HEX1[3]     ; 5.371 ; 4.895 ; 4.895 ; 5.371 ;
; SW[5]      ; HEX1[4]     ; 5.391 ; 4.915 ; 4.915 ; 5.391 ;
; SW[5]      ; HEX1[5]     ; 5.197 ; 4.721 ; 4.721 ; 5.197 ;
; SW[5]      ; HEX6[0]     ; 4.111 ; 4.111 ; 4.111 ; 4.111 ;
; SW[5]      ; HEX6[1]     ; 4.606 ; 4.606 ; 4.606 ; 4.606 ;
; SW[5]      ; HEX6[2]     ; 4.430 ;       ;       ; 4.430 ;
; SW[5]      ; HEX6[3]     ; 4.613 ; 4.613 ; 4.613 ; 4.613 ;
; SW[5]      ; HEX6[4]     ; 4.357 ; 4.357 ; 4.357 ; 4.357 ;
; SW[5]      ; HEX6[5]     ; 4.925 ;       ;       ; 4.925 ;
; SW[5]      ; HEX6[6]     ; 4.658 ; 4.658 ; 4.658 ; 4.658 ;
; SW[5]      ; LEDG[1]     ; 4.402 ; 4.402 ; 4.402 ; 4.402 ;
; SW[5]      ; LEDG[2]     ; 4.003 ; 4.003 ; 4.003 ; 4.003 ;
; SW[5]      ; LEDG[3]     ; 4.152 ; 4.152 ; 4.152 ; 4.152 ;
; SW[5]      ; LEDG[4]     ; 5.243 ;       ;       ; 5.243 ;
; SW[5]      ; LEDG[7]     ; 4.610 ;       ;       ; 4.610 ;
; SW[5]      ; LEDR[5]     ; 3.071 ;       ;       ; 3.071 ;
; SW[6]      ; HEX0[0]     ; 6.629 ; 6.629 ; 6.629 ; 6.629 ;
; SW[6]      ; HEX0[1]     ; 6.577 ; 6.577 ; 6.577 ; 6.577 ;
; SW[6]      ; HEX0[2]     ; 6.493 ; 6.493 ; 6.493 ; 6.493 ;
; SW[6]      ; HEX0[3]     ; 6.203 ; 6.203 ; 6.203 ; 6.203 ;
; SW[6]      ; HEX0[4]     ; 6.187 ; 6.187 ; 6.187 ; 6.187 ;
; SW[6]      ; HEX0[5]     ; 6.393 ; 6.393 ; 6.393 ; 6.393 ;
; SW[6]      ; HEX0[6]     ; 6.393 ; 6.393 ; 6.393 ; 6.393 ;
; SW[6]      ; HEX1[0]     ; 5.281 ; 5.082 ; 5.082 ; 5.281 ;
; SW[6]      ; HEX1[3]     ; 5.113 ; 4.914 ; 4.914 ; 5.113 ;
; SW[6]      ; HEX1[4]     ; 5.133 ; 4.934 ; 4.934 ; 5.133 ;
; SW[6]      ; HEX1[5]     ; 4.939 ; 4.740 ; 4.740 ; 4.939 ;
; SW[6]      ; HEX6[0]     ; 3.978 ; 3.978 ; 3.978 ; 3.978 ;
; SW[6]      ; HEX6[1]     ; 4.474 ;       ;       ; 4.474 ;
; SW[6]      ; HEX6[2]     ; 4.305 ; 4.305 ; 4.305 ; 4.305 ;
; SW[6]      ; HEX6[3]     ; 4.484 ; 4.484 ; 4.484 ; 4.484 ;
; SW[6]      ; HEX6[4]     ; 4.240 ;       ;       ; 4.240 ;
; SW[6]      ; HEX6[5]     ; 4.811 ; 4.811 ; 4.811 ; 4.811 ;
; SW[6]      ; HEX6[6]     ; 4.533 ; 4.533 ; 4.533 ; 4.533 ;
; SW[6]      ; LEDG[2]     ; 4.121 ; 4.121 ; 4.121 ; 4.121 ;
; SW[6]      ; LEDG[3]     ; 3.973 ; 3.973 ; 3.973 ; 3.973 ;
; SW[6]      ; LEDG[4]     ; 4.985 ;       ;       ; 4.985 ;
; SW[6]      ; LEDG[7]     ; 4.654 ;       ;       ; 4.654 ;
; SW[6]      ; LEDR[6]     ; 2.916 ;       ;       ; 2.916 ;
; SW[7]      ; HEX0[0]     ; 7.314 ; 7.314 ; 7.314 ; 7.314 ;
; SW[7]      ; HEX0[1]     ; 7.262 ; 7.262 ; 7.262 ; 7.262 ;
; SW[7]      ; HEX0[2]     ; 7.178 ; 7.178 ; 7.178 ; 7.178 ;
; SW[7]      ; HEX0[3]     ; 6.888 ; 6.888 ; 6.888 ; 6.888 ;
; SW[7]      ; HEX0[4]     ; 6.872 ; 6.872 ; 6.872 ; 6.872 ;
; SW[7]      ; HEX0[5]     ; 7.078 ; 7.078 ; 7.078 ; 7.078 ;
; SW[7]      ; HEX0[6]     ; 7.078 ; 7.078 ; 7.078 ; 7.078 ;
; SW[7]      ; HEX1[0]     ; 6.170 ; 5.740 ; 5.740 ; 6.170 ;
; SW[7]      ; HEX1[3]     ; 6.002 ; 5.572 ; 5.572 ; 6.002 ;
; SW[7]      ; HEX1[4]     ; 6.022 ; 5.592 ; 5.592 ; 6.022 ;
; SW[7]      ; HEX1[5]     ; 5.828 ; 5.398 ; 5.398 ; 5.828 ;
; SW[7]      ; HEX6[0]     ; 4.660 ; 4.660 ; 4.660 ; 4.660 ;
; SW[7]      ; HEX6[1]     ; 5.155 ;       ;       ; 5.155 ;
; SW[7]      ; HEX6[2]     ; 4.982 ;       ;       ; 4.982 ;
; SW[7]      ; HEX6[3]     ; 5.162 ;       ;       ; 5.162 ;
; SW[7]      ; HEX6[4]     ; 4.909 ;       ;       ; 4.909 ;
; SW[7]      ; HEX6[5]     ; 5.481 ; 5.481 ; 5.481 ; 5.481 ;
; SW[7]      ; HEX6[6]     ; 5.206 ; 5.206 ; 5.206 ; 5.206 ;
; SW[7]      ; LEDG[3]     ; 4.907 ; 4.907 ; 4.907 ; 4.907 ;
; SW[7]      ; LEDG[4]     ; 5.874 ;       ;       ; 5.874 ;
; SW[7]      ; LEDG[7]     ; 5.296 ;       ;       ; 5.296 ;
; SW[7]      ; LEDR[7]     ; 3.447 ;       ;       ; 3.447 ;
; SW[8]      ; HEX0[0]     ; 7.837 ; 7.837 ; 7.837 ; 7.837 ;
; SW[8]      ; HEX0[1]     ; 7.785 ; 7.785 ; 7.785 ; 7.785 ;
; SW[8]      ; HEX0[2]     ; 7.701 ; 7.701 ; 7.701 ; 7.701 ;
; SW[8]      ; HEX0[3]     ; 7.411 ; 7.411 ; 7.411 ; 7.411 ;
; SW[8]      ; HEX0[4]     ; 7.395 ; 7.395 ; 7.395 ; 7.395 ;
; SW[8]      ; HEX0[5]     ; 7.601 ; 7.601 ; 7.601 ; 7.601 ;
; SW[8]      ; HEX0[6]     ; 7.601 ; 7.601 ; 7.601 ; 7.601 ;
; SW[8]      ; HEX1[0]     ; 6.817 ; 6.263 ; 6.263 ; 6.817 ;
; SW[8]      ; HEX1[3]     ; 6.649 ; 6.095 ; 6.095 ; 6.649 ;
; SW[8]      ; HEX1[4]     ; 6.669 ; 6.115 ; 6.115 ; 6.669 ;
; SW[8]      ; HEX1[5]     ; 6.475 ; 5.921 ; 5.921 ; 6.475 ;
; SW[8]      ; LEDG[0]     ; 5.112 ; 5.112 ; 5.112 ; 5.112 ;
; SW[8]      ; LEDG[1]     ; 5.516 ; 5.516 ; 5.516 ; 5.516 ;
; SW[8]      ; LEDG[2]     ; 5.119 ; 5.119 ; 5.119 ; 5.119 ;
; SW[8]      ; LEDG[3]     ; 5.430 ; 5.430 ; 5.430 ; 5.430 ;
; SW[8]      ; LEDG[4]     ; 6.521 ;       ;       ; 6.521 ;
; SW[8]      ; LEDR[8]     ; 3.221 ;       ;       ; 3.221 ;
+------------+-------------+-------+-------+-------+-------+


+----------------------------------------------------------+
; Minimum Propagation Delay                                ;
+------------+-------------+-------+-------+-------+-------+
; Input Port ; Output Port ; RR    ; RF    ; FR    ; FF    ;
+------------+-------------+-------+-------+-------+-------+
; SW[0]      ; HEX0[0]     ; 4.543 ; 4.543 ; 4.543 ; 4.543 ;
; SW[0]      ; HEX0[1]     ; 4.413 ; 4.413 ; 4.413 ; 4.413 ;
; SW[0]      ; HEX0[2]     ; 4.297 ; 4.297 ; 4.297 ; 4.297 ;
; SW[0]      ; HEX0[3]     ; 4.302 ; 4.302 ; 4.302 ; 4.302 ;
; SW[0]      ; HEX0[4]     ; 4.113 ; 4.113 ; 4.113 ; 4.113 ;
; SW[0]      ; HEX0[5]     ; 4.190 ; 4.190 ; 4.190 ; 4.190 ;
; SW[0]      ; HEX0[6]     ; 4.190 ; 4.190 ; 4.190 ; 4.190 ;
; SW[0]      ; HEX1[0]     ; 5.577 ; 5.577 ; 5.577 ; 5.577 ;
; SW[0]      ; HEX1[3]     ; 5.409 ; 5.409 ; 5.409 ; 5.409 ;
; SW[0]      ; HEX1[4]     ; 5.429 ; 5.429 ; 5.429 ; 5.429 ;
; SW[0]      ; HEX1[5]     ; 5.235 ; 5.235 ; 5.235 ; 5.235 ;
; SW[0]      ; HEX4[0]     ; 4.967 ; 4.967 ; 4.967 ; 4.967 ;
; SW[0]      ; HEX4[1]     ; 4.348 ; 4.348 ; 4.348 ; 4.348 ;
; SW[0]      ; HEX4[2]     ;       ; 4.361 ; 4.361 ;       ;
; SW[0]      ; HEX4[3]     ; 4.364 ; 4.364 ; 4.364 ; 4.364 ;
; SW[0]      ; HEX4[4]     ; 4.253 ;       ;       ; 4.253 ;
; SW[0]      ; HEX4[5]     ; 5.021 ;       ;       ; 5.021 ;
; SW[0]      ; HEX4[6]     ; 4.690 ;       ;       ; 4.690 ;
; SW[0]      ; LEDG[0]     ; 4.601 ; 4.601 ; 4.601 ; 4.601 ;
; SW[0]      ; LEDG[1]     ; 5.013 ; 5.013 ; 5.013 ; 5.013 ;
; SW[0]      ; LEDG[2]     ; 4.616 ; 4.616 ; 4.616 ; 4.616 ;
; SW[0]      ; LEDG[3]     ; 4.927 ; 4.927 ; 4.927 ; 4.927 ;
; SW[0]      ; LEDG[4]     ; 6.018 ;       ;       ; 6.018 ;
; SW[0]      ; LEDR[0]     ; 3.236 ;       ;       ; 3.236 ;
; SW[1]      ; HEX0[0]     ; 4.701 ; 4.701 ; 4.701 ; 4.701 ;
; SW[1]      ; HEX0[1]     ; 4.571 ; 4.571 ; 4.571 ; 4.571 ;
; SW[1]      ; HEX0[2]     ; 4.590 ; 4.590 ; 4.590 ; 4.590 ;
; SW[1]      ; HEX0[3]     ; 4.396 ; 4.396 ; 4.396 ; 4.396 ;
; SW[1]      ; HEX0[4]     ; 4.533 ; 4.533 ; 4.533 ; 4.533 ;
; SW[1]      ; HEX0[5]     ; 4.490 ; 4.490 ; 4.490 ; 4.490 ;
; SW[1]      ; HEX0[6]     ; 4.490 ; 4.490 ; 4.490 ; 4.490 ;
; SW[1]      ; HEX1[0]     ; 5.271 ; 5.271 ; 5.271 ; 5.271 ;
; SW[1]      ; HEX1[3]     ; 5.103 ; 5.103 ; 5.103 ; 5.103 ;
; SW[1]      ; HEX1[4]     ; 5.123 ; 5.123 ; 5.123 ; 5.123 ;
; SW[1]      ; HEX1[5]     ; 4.929 ; 4.929 ; 4.929 ; 4.929 ;
; SW[1]      ; HEX4[0]     ; 4.895 ; 4.895 ; 4.895 ; 4.895 ;
; SW[1]      ; HEX4[1]     ; 4.275 ; 4.275 ; 4.275 ; 4.275 ;
; SW[1]      ; HEX4[2]     ; 4.288 ;       ;       ; 4.288 ;
; SW[1]      ; HEX4[3]     ; 4.302 ; 4.302 ; 4.302 ; 4.302 ;
; SW[1]      ; HEX4[4]     ; 4.180 ; 4.180 ; 4.180 ; 4.180 ;
; SW[1]      ; HEX4[5]     ; 4.959 ;       ;       ; 4.959 ;
; SW[1]      ; HEX4[6]     ; 4.615 ; 4.615 ; 4.615 ; 4.615 ;
; SW[1]      ; LEDG[1]     ; 4.721 ; 4.721 ; 4.721 ; 4.721 ;
; SW[1]      ; LEDG[2]     ; 4.453 ; 4.453 ; 4.453 ; 4.453 ;
; SW[1]      ; LEDG[3]     ; 4.438 ; 4.438 ; 4.438 ; 4.438 ;
; SW[1]      ; LEDG[4]     ; 5.529 ;       ;       ; 5.529 ;
; SW[1]      ; LEDG[7]     ; 5.188 ;       ;       ; 5.188 ;
; SW[1]      ; LEDR[1]     ; 3.511 ;       ;       ; 3.511 ;
; SW[2]      ; HEX0[0]     ; 4.673 ; 4.673 ; 4.673 ; 4.673 ;
; SW[2]      ; HEX0[1]     ; 4.644 ; 4.644 ; 4.644 ; 4.644 ;
; SW[2]      ; HEX0[2]     ; 4.650 ; 4.650 ; 4.650 ; 4.650 ;
; SW[2]      ; HEX0[3]     ; 4.530 ; 4.530 ; 4.530 ; 4.530 ;
; SW[2]      ; HEX0[4]     ; 4.593 ; 4.593 ; 4.593 ; 4.593 ;
; SW[2]      ; HEX0[5]     ; 4.546 ; 4.546 ; 4.546 ; 4.546 ;
; SW[2]      ; HEX0[6]     ; 4.546 ; 4.546 ; 4.546 ; 4.546 ;
; SW[2]      ; HEX1[0]     ; 5.116 ; 5.116 ; 5.116 ; 5.116 ;
; SW[2]      ; HEX1[3]     ; 4.948 ; 4.948 ; 4.948 ; 4.948 ;
; SW[2]      ; HEX1[4]     ; 4.968 ; 4.968 ; 4.968 ; 4.968 ;
; SW[2]      ; HEX1[5]     ; 4.774 ; 4.774 ; 4.774 ; 4.774 ;
; SW[2]      ; HEX4[0]     ; 4.837 ; 4.837 ; 4.837 ; 4.837 ;
; SW[2]      ; HEX4[1]     ; 4.219 ;       ;       ; 4.219 ;
; SW[2]      ; HEX4[2]     ; 4.232 ; 4.232 ; 4.232 ; 4.232 ;
; SW[2]      ; HEX4[3]     ; 4.230 ; 4.230 ; 4.230 ; 4.230 ;
; SW[2]      ; HEX4[4]     ; 4.124 ;       ;       ; 4.124 ;
; SW[2]      ; HEX4[5]     ; 4.891 ; 4.891 ; 4.891 ; 4.891 ;
; SW[2]      ; HEX4[6]     ; 4.652 ; 4.652 ; 4.652 ; 4.652 ;
; SW[2]      ; LEDG[2]     ; 4.412 ; 4.412 ; 4.412 ; 4.412 ;
; SW[2]      ; LEDG[3]     ; 4.283 ; 4.283 ; 4.283 ; 4.283 ;
; SW[2]      ; LEDG[4]     ; 5.286 ;       ;       ; 5.286 ;
; SW[2]      ; LEDG[7]     ; 5.121 ;       ;       ; 5.121 ;
; SW[2]      ; LEDR[2]     ; 2.794 ;       ;       ; 2.794 ;
; SW[3]      ; HEX0[0]     ; 4.694 ; 4.694 ; 4.694 ; 4.694 ;
; SW[3]      ; HEX0[1]     ; 4.568 ; 4.568 ; 4.568 ; 4.568 ;
; SW[3]      ; HEX0[2]     ; 4.659 ; 4.659 ; 4.659 ; 4.659 ;
; SW[3]      ; HEX0[3]     ; 4.253 ; 4.253 ; 4.253 ; 4.253 ;
; SW[3]      ; HEX0[4]     ; 4.330 ; 4.330 ; 4.330 ; 4.330 ;
; SW[3]      ; HEX0[5]     ; 4.555 ; 4.555 ; 4.555 ; 4.555 ;
; SW[3]      ; HEX0[6]     ; 4.555 ; 4.555 ; 4.555 ; 4.555 ;
; SW[3]      ; HEX1[0]     ; 5.094 ; 5.184 ; 5.184 ; 5.094 ;
; SW[3]      ; HEX1[3]     ; 4.926 ; 5.016 ; 5.016 ; 4.926 ;
; SW[3]      ; HEX1[4]     ; 4.946 ; 5.036 ; 5.036 ; 4.946 ;
; SW[3]      ; HEX1[5]     ; 4.752 ; 4.842 ; 4.842 ; 4.752 ;
; SW[3]      ; HEX4[0]     ; 4.613 ; 4.613 ; 4.613 ; 4.613 ;
; SW[3]      ; HEX4[1]     ; 3.985 ;       ;       ; 3.985 ;
; SW[3]      ; HEX4[2]     ; 4.006 ;       ;       ; 4.006 ;
; SW[3]      ; HEX4[3]     ; 4.024 ;       ;       ; 4.024 ;
; SW[3]      ; HEX4[4]     ; 3.890 ;       ;       ; 3.890 ;
; SW[3]      ; HEX4[5]     ; 4.680 ; 4.680 ; 4.680 ; 4.680 ;
; SW[3]      ; HEX4[6]     ; 4.199 ; 4.199 ; 4.199 ; 4.199 ;
; SW[3]      ; LEDG[3]     ; 4.351 ; 4.351 ; 4.351 ; 4.351 ;
; SW[3]      ; LEDG[4]     ; 4.798 ;       ;       ; 4.798 ;
; SW[3]      ; LEDG[7]     ; 4.936 ;       ;       ; 4.936 ;
; SW[3]      ; LEDR[3]     ; 3.751 ;       ;       ; 3.751 ;
; SW[4]      ; HEX0[0]     ; 4.102 ; 4.102 ; 4.102 ; 4.102 ;
; SW[4]      ; HEX0[1]     ; 3.972 ; 3.972 ; 3.972 ; 3.972 ;
; SW[4]      ; HEX0[2]     ; 3.856 ; 3.856 ; 3.856 ; 3.856 ;
; SW[4]      ; HEX0[3]     ; 3.861 ; 3.861 ; 3.861 ; 3.861 ;
; SW[4]      ; HEX0[4]     ; 3.672 ; 3.672 ; 3.672 ; 3.672 ;
; SW[4]      ; HEX0[5]     ; 3.749 ; 3.749 ; 3.749 ; 3.749 ;
; SW[4]      ; HEX0[6]     ; 3.749 ; 3.749 ; 3.749 ; 3.749 ;
; SW[4]      ; HEX1[0]     ; 5.120 ; 5.120 ; 5.120 ; 5.120 ;
; SW[4]      ; HEX1[3]     ; 4.952 ; 4.952 ; 4.952 ; 4.952 ;
; SW[4]      ; HEX1[4]     ; 4.972 ; 4.972 ; 4.972 ; 4.972 ;
; SW[4]      ; HEX1[5]     ; 4.778 ; 4.778 ; 4.778 ; 4.778 ;
; SW[4]      ; HEX6[0]     ; 3.906 ; 3.906 ; 3.906 ; 3.906 ;
; SW[4]      ; HEX6[1]     ; 4.401 ; 4.401 ; 4.401 ; 4.401 ;
; SW[4]      ; HEX6[2]     ;       ; 4.221 ; 4.221 ;       ;
; SW[4]      ; HEX6[3]     ; 4.408 ; 4.408 ; 4.408 ; 4.408 ;
; SW[4]      ; HEX6[4]     ; 4.153 ;       ;       ; 4.153 ;
; SW[4]      ; HEX6[5]     ; 4.719 ;       ;       ; 4.719 ;
; SW[4]      ; HEX6[6]     ; 4.452 ;       ;       ; 4.452 ;
; SW[4]      ; LEDG[0]     ; 4.160 ; 4.160 ; 4.160 ; 4.160 ;
; SW[4]      ; LEDG[1]     ; 4.556 ; 4.556 ; 4.556 ; 4.556 ;
; SW[4]      ; LEDG[2]     ; 4.159 ; 4.159 ; 4.159 ; 4.159 ;
; SW[4]      ; LEDG[3]     ; 4.470 ; 4.470 ; 4.470 ; 4.470 ;
; SW[4]      ; LEDG[4]     ; 5.561 ;       ;       ; 5.561 ;
; SW[4]      ; LEDR[4]     ; 2.843 ;       ;       ; 2.843 ;
; SW[5]      ; HEX0[0]     ; 4.382 ; 4.382 ; 4.382 ; 4.382 ;
; SW[5]      ; HEX0[1]     ; 4.252 ; 4.252 ; 4.252 ; 4.252 ;
; SW[5]      ; HEX0[2]     ; 4.271 ; 4.271 ; 4.271 ; 4.271 ;
; SW[5]      ; HEX0[3]     ; 4.077 ; 4.077 ; 4.077 ; 4.077 ;
; SW[5]      ; HEX0[4]     ; 4.117 ; 4.117 ; 4.117 ; 4.117 ;
; SW[5]      ; HEX0[5]     ; 4.171 ; 4.171 ; 4.171 ; 4.171 ;
; SW[5]      ; HEX0[6]     ; 4.171 ; 4.171 ; 4.171 ; 4.171 ;
; SW[5]      ; HEX1[0]     ; 4.964 ; 4.964 ; 4.964 ; 4.964 ;
; SW[5]      ; HEX1[3]     ; 4.796 ; 4.796 ; 4.796 ; 4.796 ;
; SW[5]      ; HEX1[4]     ; 4.816 ; 4.816 ; 4.816 ; 4.816 ;
; SW[5]      ; HEX1[5]     ; 4.622 ; 4.622 ; 4.622 ; 4.622 ;
; SW[5]      ; HEX6[0]     ; 4.111 ; 4.111 ; 4.111 ; 4.111 ;
; SW[5]      ; HEX6[1]     ; 4.606 ; 4.606 ; 4.606 ; 4.606 ;
; SW[5]      ; HEX6[2]     ; 4.430 ;       ;       ; 4.430 ;
; SW[5]      ; HEX6[3]     ; 4.613 ; 4.613 ; 4.613 ; 4.613 ;
; SW[5]      ; HEX6[4]     ; 4.357 ; 4.357 ; 4.357 ; 4.357 ;
; SW[5]      ; HEX6[5]     ; 4.925 ;       ;       ; 4.925 ;
; SW[5]      ; HEX6[6]     ; 4.658 ; 4.658 ; 4.658 ; 4.658 ;
; SW[5]      ; LEDG[1]     ; 4.402 ; 4.402 ; 4.402 ; 4.402 ;
; SW[5]      ; LEDG[2]     ; 4.003 ; 4.003 ; 4.003 ; 4.003 ;
; SW[5]      ; LEDG[3]     ; 4.152 ; 4.152 ; 4.152 ; 4.152 ;
; SW[5]      ; LEDG[4]     ; 5.243 ;       ;       ; 5.243 ;
; SW[5]      ; LEDG[7]     ; 4.610 ;       ;       ; 4.610 ;
; SW[5]      ; LEDR[5]     ; 3.071 ;       ;       ; 3.071 ;
; SW[6]      ; HEX0[0]     ; 4.363 ; 4.363 ; 4.363 ; 4.363 ;
; SW[6]      ; HEX0[1]     ; 4.334 ; 4.334 ; 4.334 ; 4.334 ;
; SW[6]      ; HEX0[2]     ; 4.340 ; 4.340 ; 4.340 ; 4.340 ;
; SW[6]      ; HEX0[3]     ; 4.220 ; 4.220 ; 4.220 ; 4.220 ;
; SW[6]      ; HEX0[4]     ; 4.302 ; 4.302 ; 4.302 ; 4.302 ;
; SW[6]      ; HEX0[5]     ; 4.236 ; 4.236 ; 4.236 ; 4.236 ;
; SW[6]      ; HEX0[6]     ; 4.236 ; 4.236 ; 4.236 ; 4.236 ;
; SW[6]      ; HEX1[0]     ; 4.806 ; 4.806 ; 4.806 ; 4.806 ;
; SW[6]      ; HEX1[3]     ; 4.638 ; 4.638 ; 4.638 ; 4.638 ;
; SW[6]      ; HEX1[4]     ; 4.658 ; 4.658 ; 4.658 ; 4.658 ;
; SW[6]      ; HEX1[5]     ; 4.464 ; 4.464 ; 4.464 ; 4.464 ;
; SW[6]      ; HEX6[0]     ; 3.978 ; 3.978 ; 3.978 ; 3.978 ;
; SW[6]      ; HEX6[1]     ; 4.474 ;       ;       ; 4.474 ;
; SW[6]      ; HEX6[2]     ; 4.305 ; 4.305 ; 4.305 ; 4.305 ;
; SW[6]      ; HEX6[3]     ; 4.484 ; 4.484 ; 4.484 ; 4.484 ;
; SW[6]      ; HEX6[4]     ; 4.240 ;       ;       ; 4.240 ;
; SW[6]      ; HEX6[5]     ; 4.811 ; 4.811 ; 4.811 ; 4.811 ;
; SW[6]      ; HEX6[6]     ; 4.533 ; 4.533 ; 4.533 ; 4.533 ;
; SW[6]      ; LEDG[2]     ; 4.121 ; 4.121 ; 4.121 ; 4.121 ;
; SW[6]      ; LEDG[3]     ; 3.973 ; 3.973 ; 3.973 ; 3.973 ;
; SW[6]      ; LEDG[4]     ; 4.985 ;       ;       ; 4.985 ;
; SW[6]      ; LEDG[7]     ; 4.654 ;       ;       ; 4.654 ;
; SW[6]      ; LEDR[6]     ; 2.916 ;       ;       ; 2.916 ;
; SW[7]      ; HEX0[0]     ; 5.117 ; 5.117 ; 5.117 ; 5.117 ;
; SW[7]      ; HEX0[1]     ; 4.991 ; 4.991 ; 4.991 ; 4.991 ;
; SW[7]      ; HEX0[2]     ; 5.082 ; 5.082 ; 5.082 ; 5.082 ;
; SW[7]      ; HEX0[3]     ; 4.676 ; 4.676 ; 4.676 ; 4.676 ;
; SW[7]      ; HEX0[4]     ; 4.753 ; 4.753 ; 4.753 ; 4.753 ;
; SW[7]      ; HEX0[5]     ; 4.978 ; 4.978 ; 4.978 ; 4.978 ;
; SW[7]      ; HEX0[6]     ; 4.978 ; 4.978 ; 4.978 ; 4.978 ;
; SW[7]      ; HEX1[0]     ; 5.643 ; 5.740 ; 5.740 ; 5.643 ;
; SW[7]      ; HEX1[3]     ; 5.475 ; 5.572 ; 5.572 ; 5.475 ;
; SW[7]      ; HEX1[4]     ; 5.495 ; 5.592 ; 5.592 ; 5.495 ;
; SW[7]      ; HEX1[5]     ; 5.301 ; 5.398 ; 5.398 ; 5.301 ;
; SW[7]      ; HEX6[0]     ; 4.660 ; 4.660 ; 4.660 ; 4.660 ;
; SW[7]      ; HEX6[1]     ; 5.155 ;       ;       ; 5.155 ;
; SW[7]      ; HEX6[2]     ; 4.982 ;       ;       ; 4.982 ;
; SW[7]      ; HEX6[3]     ; 5.162 ;       ;       ; 5.162 ;
; SW[7]      ; HEX6[4]     ; 4.909 ;       ;       ; 4.909 ;
; SW[7]      ; HEX6[5]     ; 5.481 ; 5.481 ; 5.481 ; 5.481 ;
; SW[7]      ; HEX6[6]     ; 5.206 ; 5.206 ; 5.206 ; 5.206 ;
; SW[7]      ; LEDG[3]     ; 4.907 ; 4.907 ; 4.907 ; 4.907 ;
; SW[7]      ; LEDG[4]     ; 5.347 ;       ;       ; 5.347 ;
; SW[7]      ; LEDG[7]     ; 5.296 ;       ;       ; 5.296 ;
; SW[7]      ; LEDR[7]     ; 3.447 ;       ;       ; 3.447 ;
; SW[8]      ; HEX0[0]     ; 5.054 ; 5.054 ; 5.054 ; 5.054 ;
; SW[8]      ; HEX0[1]     ; 4.924 ; 4.924 ; 4.924 ; 4.924 ;
; SW[8]      ; HEX0[2]     ; 4.808 ; 4.808 ; 4.808 ; 4.808 ;
; SW[8]      ; HEX0[3]     ; 4.813 ; 4.813 ; 4.813 ; 4.813 ;
; SW[8]      ; HEX0[4]     ; 4.624 ; 4.624 ; 4.624 ; 4.624 ;
; SW[8]      ; HEX0[5]     ; 4.701 ; 4.701 ; 4.701 ; 4.701 ;
; SW[8]      ; HEX0[6]     ; 4.701 ; 4.701 ; 4.701 ; 4.701 ;
; SW[8]      ; HEX1[0]     ; 6.080 ; 6.080 ; 6.080 ; 6.080 ;
; SW[8]      ; HEX1[3]     ; 5.912 ; 5.912 ; 5.912 ; 5.912 ;
; SW[8]      ; HEX1[4]     ; 5.932 ; 5.932 ; 5.932 ; 5.932 ;
; SW[8]      ; HEX1[5]     ; 5.738 ; 5.738 ; 5.738 ; 5.738 ;
; SW[8]      ; LEDG[0]     ; 5.112 ; 5.112 ; 5.112 ; 5.112 ;
; SW[8]      ; LEDG[1]     ; 5.516 ; 5.516 ; 5.516 ; 5.516 ;
; SW[8]      ; LEDG[2]     ; 5.119 ; 5.119 ; 5.119 ; 5.119 ;
; SW[8]      ; LEDG[3]     ; 5.430 ; 5.430 ; 5.430 ; 5.430 ;
; SW[8]      ; LEDG[4]     ; 6.521 ;       ;       ; 6.521 ;
; SW[8]      ; LEDR[8]     ; 3.221 ;       ;       ; 3.221 ;
+------------+-------------+-------+-------+-------+-------+


+----------------------------------------------------------------------------+
; Multicorner Timing Analysis Summary                                        ;
+------------------+-------+------+----------+---------+---------------------+
; Clock            ; Setup ; Hold ; Recovery ; Removal ; Minimum Pulse Width ;
+------------------+-------+------+----------+---------+---------------------+
; Worst-case Slack ; N/A   ; N/A  ; N/A      ; N/A     ; N/A                 ;
; Design-wide TNS  ; 0.0   ; 0.0  ; 0.0      ; 0.0     ; 0.0                 ;
+------------------+-------+------+----------+---------+---------------------+


+--------------------------------------------------------------+
; Progagation Delay                                            ;
+------------+-------------+--------+--------+--------+--------+
; Input Port ; Output Port ; RR     ; RF     ; FR     ; FF     ;
+------------+-------------+--------+--------+--------+--------+
; SW[0]      ; HEX0[0]     ; 15.351 ; 15.351 ; 15.351 ; 15.351 ;
; SW[0]      ; HEX0[1]     ; 15.283 ; 15.283 ; 15.283 ; 15.283 ;
; SW[0]      ; HEX0[2]     ; 15.064 ; 15.064 ; 15.064 ; 15.064 ;
; SW[0]      ; HEX0[3]     ; 14.379 ; 14.379 ; 14.379 ; 14.379 ;
; SW[0]      ; HEX0[4]     ; 14.347 ; 14.347 ; 14.347 ; 14.347 ;
; SW[0]      ; HEX0[5]     ; 14.835 ; 14.835 ; 14.835 ; 14.835 ;
; SW[0]      ; HEX0[6]     ; 14.835 ; 14.835 ; 14.835 ; 14.835 ;
; SW[0]      ; HEX1[0]     ; 12.923 ; 11.620 ; 11.620 ; 12.923 ;
; SW[0]      ; HEX1[3]     ; 12.705 ; 11.402 ; 11.402 ; 12.705 ;
; SW[0]      ; HEX1[4]     ; 12.725 ; 11.422 ; 11.422 ; 12.725 ;
; SW[0]      ; HEX1[5]     ; 12.268 ; 10.965 ; 10.965 ; 12.268 ;
; SW[0]      ; HEX4[0]     ; 9.620  ; 9.620  ; 9.620  ; 9.620  ;
; SW[0]      ; HEX4[1]     ; 8.348  ; 8.348  ; 8.348  ; 8.348  ;
; SW[0]      ; HEX4[2]     ;        ; 8.443  ; 8.443  ;        ;
; SW[0]      ; HEX4[3]     ; 8.468  ; 8.468  ; 8.468  ; 8.468  ;
; SW[0]      ; HEX4[4]     ; 8.125  ;        ;        ; 8.125  ;
; SW[0]      ; HEX4[5]     ; 9.748  ;        ;        ; 9.748  ;
; SW[0]      ; HEX4[6]     ; 9.229  ;        ;        ; 9.229  ;
; SW[0]      ; LEDG[0]     ; 8.973  ; 8.973  ; 8.973  ; 8.973  ;
; SW[0]      ; LEDG[1]     ; 9.920  ; 9.920  ; 9.920  ; 9.920  ;
; SW[0]      ; LEDG[2]     ; 8.979  ; 8.979  ; 8.979  ; 8.979  ;
; SW[0]      ; LEDG[3]     ; 9.737  ; 9.737  ; 9.737  ; 9.737  ;
; SW[0]      ; LEDG[4]     ; 11.888 ;        ;        ; 11.888 ;
; SW[0]      ; LEDR[0]     ; 5.976  ;        ;        ; 5.976  ;
; SW[1]      ; HEX0[0]     ; 14.445 ; 14.445 ; 14.445 ; 14.445 ;
; SW[1]      ; HEX0[1]     ; 14.377 ; 14.377 ; 14.377 ; 14.377 ;
; SW[1]      ; HEX0[2]     ; 14.158 ; 14.158 ; 14.158 ; 14.158 ;
; SW[1]      ; HEX0[3]     ; 13.473 ; 13.473 ; 13.473 ; 13.473 ;
; SW[1]      ; HEX0[4]     ; 13.441 ; 13.441 ; 13.441 ; 13.441 ;
; SW[1]      ; HEX0[5]     ; 13.929 ; 13.929 ; 13.929 ; 13.929 ;
; SW[1]      ; HEX0[6]     ; 13.929 ; 13.929 ; 13.929 ; 13.929 ;
; SW[1]      ; HEX1[0]     ; 11.799 ; 10.829 ; 10.829 ; 11.799 ;
; SW[1]      ; HEX1[3]     ; 11.581 ; 10.611 ; 10.611 ; 11.581 ;
; SW[1]      ; HEX1[4]     ; 11.601 ; 10.631 ; 10.631 ; 11.601 ;
; SW[1]      ; HEX1[5]     ; 11.144 ; 10.174 ; 10.174 ; 11.144 ;
; SW[1]      ; HEX4[0]     ; 9.515  ; 9.515  ; 9.515  ; 9.515  ;
; SW[1]      ; HEX4[1]     ; 8.243  ; 8.243  ; 8.243  ; 8.243  ;
; SW[1]      ; HEX4[2]     ; 8.338  ;        ;        ; 8.338  ;
; SW[1]      ; HEX4[3]     ; 8.375  ; 8.375  ; 8.375  ; 8.375  ;
; SW[1]      ; HEX4[4]     ; 8.019  ; 8.019  ; 8.019  ; 8.019  ;
; SW[1]      ; HEX4[5]     ; 9.655  ;        ;        ; 9.655  ;
; SW[1]      ; HEX4[6]     ; 9.081  ; 9.081  ; 9.081  ; 9.081  ;
; SW[1]      ; LEDG[1]     ; 9.251  ; 9.251  ; 9.251  ; 9.251  ;
; SW[1]      ; LEDG[2]     ; 8.616  ; 8.616  ; 8.616  ; 8.616  ;
; SW[1]      ; LEDG[3]     ; 8.613  ; 8.613  ; 8.613  ; 8.613  ;
; SW[1]      ; LEDG[4]     ; 10.764 ;        ;        ; 10.764 ;
; SW[1]      ; LEDG[7]     ; 10.131 ;        ;        ; 10.131 ;
; SW[1]      ; LEDR[1]     ; 6.485  ;        ;        ; 6.485  ;
; SW[2]      ; HEX0[0]     ; 14.348 ; 14.348 ; 14.348 ; 14.348 ;
; SW[2]      ; HEX0[1]     ; 14.280 ; 14.280 ; 14.280 ; 14.280 ;
; SW[2]      ; HEX0[2]     ; 14.061 ; 14.061 ; 14.061 ; 14.061 ;
; SW[2]      ; HEX0[3]     ; 13.376 ; 13.376 ; 13.376 ; 13.376 ;
; SW[2]      ; HEX0[4]     ; 13.344 ; 13.344 ; 13.344 ; 13.344 ;
; SW[2]      ; HEX0[5]     ; 13.832 ; 13.832 ; 13.832 ; 13.832 ;
; SW[2]      ; HEX0[6]     ; 13.832 ; 13.832 ; 13.832 ; 13.832 ;
; SW[2]      ; HEX1[0]     ; 11.186 ; 10.732 ; 10.732 ; 11.186 ;
; SW[2]      ; HEX1[3]     ; 10.968 ; 10.514 ; 10.514 ; 10.968 ;
; SW[2]      ; HEX1[4]     ; 10.988 ; 10.534 ; 10.534 ; 10.988 ;
; SW[2]      ; HEX1[5]     ; 10.531 ; 10.077 ; 10.077 ; 10.531 ;
; SW[2]      ; HEX4[0]     ; 9.324  ; 9.324  ; 9.324  ; 9.324  ;
; SW[2]      ; HEX4[1]     ; 8.053  ;        ;        ; 8.053  ;
; SW[2]      ; HEX4[2]     ; 8.148  ; 8.148  ; 8.148  ; 8.148  ;
; SW[2]      ; HEX4[3]     ; 8.168  ; 8.168  ; 8.168  ; 8.168  ;
; SW[2]      ; HEX4[4]     ; 7.829  ;        ;        ; 7.829  ;
; SW[2]      ; HEX4[5]     ; 9.451  ; 9.451  ; 9.451  ; 9.451  ;
; SW[2]      ; HEX4[6]     ; 9.158  ; 9.158  ; 9.158  ; 9.158  ;
; SW[2]      ; LEDG[2]     ; 8.519  ; 8.519  ; 8.519  ; 8.519  ;
; SW[2]      ; LEDG[3]     ; 8.185  ; 8.185  ; 8.185  ; 8.185  ;
; SW[2]      ; LEDG[4]     ; 10.151 ;        ;        ; 10.151 ;
; SW[2]      ; LEDG[7]     ; 9.927  ;        ;        ; 9.927  ;
; SW[2]      ; LEDR[2]     ; 5.135  ;        ;        ; 5.135  ;
; SW[3]      ; HEX0[0]     ; 14.192 ; 14.192 ; 14.192 ; 14.192 ;
; SW[3]      ; HEX0[1]     ; 14.124 ; 14.124 ; 14.124 ; 14.124 ;
; SW[3]      ; HEX0[2]     ; 13.905 ; 13.905 ; 13.905 ; 13.905 ;
; SW[3]      ; HEX0[3]     ; 13.220 ; 13.220 ; 13.220 ; 13.220 ;
; SW[3]      ; HEX0[4]     ; 13.188 ; 13.188 ; 13.188 ; 13.188 ;
; SW[3]      ; HEX0[5]     ; 13.676 ; 13.676 ; 13.676 ; 13.676 ;
; SW[3]      ; HEX0[6]     ; 13.676 ; 13.676 ; 13.676 ; 13.676 ;
; SW[3]      ; HEX1[0]     ; 11.428 ; 10.485 ; 10.485 ; 11.428 ;
; SW[3]      ; HEX1[3]     ; 11.210 ; 10.267 ; 10.267 ; 11.210 ;
; SW[3]      ; HEX1[4]     ; 11.230 ; 10.287 ; 10.287 ; 11.230 ;
; SW[3]      ; HEX1[5]     ; 10.773 ; 9.830  ; 9.830  ; 10.773 ;
; SW[3]      ; HEX4[0]     ; 9.035  ; 9.035  ; 9.035  ; 9.035  ;
; SW[3]      ; HEX4[1]     ; 7.756  ;        ;        ; 7.756  ;
; SW[3]      ; HEX4[2]     ; 7.854  ;        ;        ; 7.854  ;
; SW[3]      ; HEX4[3]     ; 7.900  ;        ;        ; 7.900  ;
; SW[3]      ; HEX4[4]     ; 7.531  ;        ;        ; 7.531  ;
; SW[3]      ; HEX4[5]     ; 9.178  ; 9.178  ; 9.178  ; 9.178  ;
; SW[3]      ; HEX4[6]     ; 8.364  ; 8.364  ; 8.364  ; 8.364  ;
; SW[3]      ; LEDG[3]     ; 8.602  ; 8.602  ; 8.602  ; 8.602  ;
; SW[3]      ; LEDG[4]     ; 10.393 ;        ;        ; 10.393 ;
; SW[3]      ; LEDG[7]     ; 9.654  ;        ;        ; 9.654  ;
; SW[3]      ; LEDR[3]     ; 6.931  ;        ;        ; 6.931  ;
; SW[4]      ; HEX0[0]     ; 14.606 ; 14.606 ; 14.606 ; 14.606 ;
; SW[4]      ; HEX0[1]     ; 14.538 ; 14.538 ; 14.538 ; 14.538 ;
; SW[4]      ; HEX0[2]     ; 14.319 ; 14.319 ; 14.319 ; 14.319 ;
; SW[4]      ; HEX0[3]     ; 13.634 ; 13.634 ; 13.634 ; 13.634 ;
; SW[4]      ; HEX0[4]     ; 13.602 ; 13.602 ; 13.602 ; 13.602 ;
; SW[4]      ; HEX0[5]     ; 14.090 ; 14.090 ; 14.090 ; 14.090 ;
; SW[4]      ; HEX0[6]     ; 14.090 ; 14.090 ; 14.090 ; 14.090 ;
; SW[4]      ; HEX1[0]     ; 12.178 ; 10.875 ; 10.875 ; 12.178 ;
; SW[4]      ; HEX1[3]     ; 11.960 ; 10.657 ; 10.657 ; 11.960 ;
; SW[4]      ; HEX1[4]     ; 11.980 ; 10.677 ; 10.677 ; 11.980 ;
; SW[4]      ; HEX1[5]     ; 11.523 ; 10.220 ; 10.220 ; 11.523 ;
; SW[4]      ; HEX6[0]     ; 7.650  ; 7.650  ; 7.650  ; 7.650  ;
; SW[4]      ; HEX6[1]     ; 8.685  ; 8.685  ; 8.685  ; 8.685  ;
; SW[4]      ; HEX6[2]     ;        ; 8.409  ; 8.409  ;        ;
; SW[4]      ; HEX6[3]     ; 8.803  ; 8.803  ; 8.803  ; 8.803  ;
; SW[4]      ; HEX6[4]     ; 8.193  ;        ;        ; 8.193  ;
; SW[4]      ; HEX6[5]     ; 9.285  ;        ;        ; 9.285  ;
; SW[4]      ; HEX6[6]     ; 8.868  ;        ;        ; 8.868  ;
; SW[4]      ; LEDG[0]     ; 8.238  ; 8.238  ; 8.238  ; 8.238  ;
; SW[4]      ; LEDG[1]     ; 9.175  ; 9.175  ; 9.175  ; 9.175  ;
; SW[4]      ; LEDG[2]     ; 8.234  ; 8.234  ; 8.234  ; 8.234  ;
; SW[4]      ; LEDG[3]     ; 8.992  ; 8.992  ; 8.992  ; 8.992  ;
; SW[4]      ; LEDG[4]     ; 11.143 ;        ;        ; 11.143 ;
; SW[4]      ; LEDR[4]     ; 5.283  ;        ;        ; 5.283  ;
; SW[5]      ; HEX0[0]     ; 13.798 ; 13.798 ; 13.798 ; 13.798 ;
; SW[5]      ; HEX0[1]     ; 13.730 ; 13.730 ; 13.730 ; 13.730 ;
; SW[5]      ; HEX0[2]     ; 13.511 ; 13.511 ; 13.511 ; 13.511 ;
; SW[5]      ; HEX0[3]     ; 12.826 ; 12.826 ; 12.826 ; 12.826 ;
; SW[5]      ; HEX0[4]     ; 12.794 ; 12.794 ; 12.794 ; 12.794 ;
; SW[5]      ; HEX0[5]     ; 13.282 ; 13.282 ; 13.282 ; 13.282 ;
; SW[5]      ; HEX0[6]     ; 13.282 ; 13.282 ; 13.282 ; 13.282 ;
; SW[5]      ; HEX1[0]     ; 11.370 ; 10.185 ; 10.185 ; 11.370 ;
; SW[5]      ; HEX1[3]     ; 11.152 ; 9.967  ; 9.967  ; 11.152 ;
; SW[5]      ; HEX1[4]     ; 11.172 ; 9.987  ; 9.987  ; 11.172 ;
; SW[5]      ; HEX1[5]     ; 10.715 ; 9.530  ; 9.530  ; 10.715 ;
; SW[5]      ; HEX6[0]     ; 8.021  ; 8.021  ; 8.021  ; 8.021  ;
; SW[5]      ; HEX6[1]     ; 9.057  ; 9.057  ; 9.057  ; 9.057  ;
; SW[5]      ; HEX6[2]     ; 8.781  ;        ;        ; 8.781  ;
; SW[5]      ; HEX6[3]     ; 9.174  ; 9.174  ; 9.174  ; 9.174  ;
; SW[5]      ; HEX6[4]     ; 8.564  ; 8.564  ; 8.564  ; 8.564  ;
; SW[5]      ; HEX6[5]     ; 9.652  ;        ;        ; 9.652  ;
; SW[5]      ; HEX6[6]     ; 9.237  ; 9.237  ; 9.237  ; 9.237  ;
; SW[5]      ; LEDG[1]     ; 8.710  ; 8.710  ; 8.710  ; 8.710  ;
; SW[5]      ; LEDG[2]     ; 7.766  ; 7.766  ; 7.766  ; 7.766  ;
; SW[5]      ; LEDG[3]     ; 8.184  ; 8.184  ; 8.184  ; 8.184  ;
; SW[5]      ; LEDG[4]     ; 10.335 ;        ;        ; 10.335 ;
; SW[5]      ; LEDG[7]     ; 9.005  ;        ;        ; 9.005  ;
; SW[5]      ; LEDR[5]     ; 5.719  ;        ;        ; 5.719  ;
; SW[6]      ; HEX0[0]     ; 13.937 ; 13.937 ; 13.937 ; 13.937 ;
; SW[6]      ; HEX0[1]     ; 13.869 ; 13.869 ; 13.869 ; 13.869 ;
; SW[6]      ; HEX0[2]     ; 13.650 ; 13.650 ; 13.650 ; 13.650 ;
; SW[6]      ; HEX0[3]     ; 12.965 ; 12.965 ; 12.965 ; 12.965 ;
; SW[6]      ; HEX0[4]     ; 12.933 ; 12.933 ; 12.933 ; 12.933 ;
; SW[6]      ; HEX0[5]     ; 13.421 ; 13.421 ; 13.421 ; 13.421 ;
; SW[6]      ; HEX0[6]     ; 13.421 ; 13.421 ; 13.421 ; 13.421 ;
; SW[6]      ; HEX1[0]     ; 10.797 ; 10.321 ; 10.321 ; 10.797 ;
; SW[6]      ; HEX1[3]     ; 10.579 ; 10.103 ; 10.103 ; 10.579 ;
; SW[6]      ; HEX1[4]     ; 10.599 ; 10.123 ; 10.123 ; 10.599 ;
; SW[6]      ; HEX1[5]     ; 10.142 ; 9.666  ; 9.666  ; 10.142 ;
; SW[6]      ; HEX6[0]     ; 7.804  ; 7.804  ; 7.804  ; 7.804  ;
; SW[6]      ; HEX6[1]     ; 8.839  ;        ;        ; 8.839  ;
; SW[6]      ; HEX6[2]     ; 8.575  ; 8.575  ; 8.575  ; 8.575  ;
; SW[6]      ; HEX6[3]     ; 8.960  ; 8.960  ; 8.960  ; 8.960  ;
; SW[6]      ; HEX6[4]     ; 8.359  ;        ;        ; 8.359  ;
; SW[6]      ; HEX6[5]     ; 9.457  ; 9.457  ; 9.457  ; 9.457  ;
; SW[6]      ; HEX6[6]     ; 9.032  ; 9.032  ; 9.032  ; 9.032  ;
; SW[6]      ; LEDG[2]     ; 8.108  ; 8.108  ; 8.108  ; 8.108  ;
; SW[6]      ; LEDG[3]     ; 7.789  ; 7.789  ; 7.789  ; 7.789  ;
; SW[6]      ; LEDG[4]     ; 9.762  ;        ;        ; 9.762  ;
; SW[6]      ; LEDG[7]     ; 9.149  ;        ;        ; 9.149  ;
; SW[6]      ; LEDR[6]     ; 5.427  ;        ;        ; 5.427  ;
; SW[7]      ; HEX0[0]     ; 15.157 ; 15.157 ; 15.157 ; 15.157 ;
; SW[7]      ; HEX0[1]     ; 15.089 ; 15.089 ; 15.089 ; 15.089 ;
; SW[7]      ; HEX0[2]     ; 14.870 ; 14.870 ; 14.870 ; 14.870 ;
; SW[7]      ; HEX0[3]     ; 14.185 ; 14.185 ; 14.185 ; 14.185 ;
; SW[7]      ; HEX0[4]     ; 14.153 ; 14.153 ; 14.153 ; 14.153 ;
; SW[7]      ; HEX0[5]     ; 14.641 ; 14.641 ; 14.641 ; 14.641 ;
; SW[7]      ; HEX0[6]     ; 14.641 ; 14.641 ; 14.641 ; 14.641 ;
; SW[7]      ; HEX1[0]     ; 12.417 ; 11.450 ; 11.450 ; 12.417 ;
; SW[7]      ; HEX1[3]     ; 12.199 ; 11.232 ; 11.232 ; 12.199 ;
; SW[7]      ; HEX1[4]     ; 12.219 ; 11.252 ; 11.252 ; 12.219 ;
; SW[7]      ; HEX1[5]     ; 11.762 ; 10.795 ; 10.795 ; 11.762 ;
; SW[7]      ; HEX6[0]     ; 8.967  ; 8.967  ; 8.967  ; 8.967  ;
; SW[7]      ; HEX6[1]     ; 10.003 ;        ;        ; 10.003 ;
; SW[7]      ; HEX6[2]     ; 9.727  ;        ;        ; 9.727  ;
; SW[7]      ; HEX6[3]     ; 10.122 ;        ;        ; 10.122 ;
; SW[7]      ; HEX6[4]     ; 9.515  ;        ;        ; 9.515  ;
; SW[7]      ; HEX6[5]     ; 10.610 ; 10.610 ; 10.610 ; 10.610 ;
; SW[7]      ; HEX6[6]     ; 10.188 ; 10.188 ; 10.188 ; 10.188 ;
; SW[7]      ; LEDG[3]     ; 9.567  ; 9.567  ; 9.567  ; 9.567  ;
; SW[7]      ; LEDG[4]     ; 11.382 ;        ;        ; 11.382 ;
; SW[7]      ; LEDG[7]     ; 10.228 ;        ;        ; 10.228 ;
; SW[7]      ; LEDR[7]     ; 6.290  ;        ;        ; 6.290  ;
; SW[8]      ; HEX0[0]     ; 16.368 ; 16.368 ; 16.368 ; 16.368 ;
; SW[8]      ; HEX0[1]     ; 16.300 ; 16.300 ; 16.300 ; 16.300 ;
; SW[8]      ; HEX0[2]     ; 16.081 ; 16.081 ; 16.081 ; 16.081 ;
; SW[8]      ; HEX0[3]     ; 15.396 ; 15.396 ; 15.396 ; 15.396 ;
; SW[8]      ; HEX0[4]     ; 15.364 ; 15.364 ; 15.364 ; 15.364 ;
; SW[8]      ; HEX0[5]     ; 15.852 ; 15.852 ; 15.852 ; 15.852 ;
; SW[8]      ; HEX0[6]     ; 15.852 ; 15.852 ; 15.852 ; 15.852 ;
; SW[8]      ; HEX1[0]     ; 13.940 ; 12.637 ; 12.637 ; 13.940 ;
; SW[8]      ; HEX1[3]     ; 13.722 ; 12.419 ; 12.419 ; 13.722 ;
; SW[8]      ; HEX1[4]     ; 13.742 ; 12.439 ; 12.439 ; 13.742 ;
; SW[8]      ; HEX1[5]     ; 13.285 ; 11.982 ; 11.982 ; 13.285 ;
; SW[8]      ; LEDG[0]     ; 9.993  ; 9.993  ; 9.993  ; 9.993  ;
; SW[8]      ; LEDG[1]     ; 10.937 ; 10.937 ; 10.937 ; 10.937 ;
; SW[8]      ; LEDG[2]     ; 9.996  ; 9.996  ; 9.996  ; 9.996  ;
; SW[8]      ; LEDG[3]     ; 10.754 ; 10.754 ; 10.754 ; 10.754 ;
; SW[8]      ; LEDG[4]     ; 12.905 ;        ;        ; 12.905 ;
; SW[8]      ; LEDR[8]     ; 5.886  ;        ;        ; 5.886  ;
+------------+-------------+--------+--------+--------+--------+


+----------------------------------------------------------+
; Minimum Progagation Delay                                ;
+------------+-------------+-------+-------+-------+-------+
; Input Port ; Output Port ; RR    ; RF    ; FR    ; FF    ;
+------------+-------------+-------+-------+-------+-------+
; SW[0]      ; HEX0[0]     ; 4.543 ; 4.543 ; 4.543 ; 4.543 ;
; SW[0]      ; HEX0[1]     ; 4.413 ; 4.413 ; 4.413 ; 4.413 ;
; SW[0]      ; HEX0[2]     ; 4.297 ; 4.297 ; 4.297 ; 4.297 ;
; SW[0]      ; HEX0[3]     ; 4.302 ; 4.302 ; 4.302 ; 4.302 ;
; SW[0]      ; HEX0[4]     ; 4.113 ; 4.113 ; 4.113 ; 4.113 ;
; SW[0]      ; HEX0[5]     ; 4.190 ; 4.190 ; 4.190 ; 4.190 ;
; SW[0]      ; HEX0[6]     ; 4.190 ; 4.190 ; 4.190 ; 4.190 ;
; SW[0]      ; HEX1[0]     ; 5.577 ; 5.577 ; 5.577 ; 5.577 ;
; SW[0]      ; HEX1[3]     ; 5.409 ; 5.409 ; 5.409 ; 5.409 ;
; SW[0]      ; HEX1[4]     ; 5.429 ; 5.429 ; 5.429 ; 5.429 ;
; SW[0]      ; HEX1[5]     ; 5.235 ; 5.235 ; 5.235 ; 5.235 ;
; SW[0]      ; HEX4[0]     ; 4.967 ; 4.967 ; 4.967 ; 4.967 ;
; SW[0]      ; HEX4[1]     ; 4.348 ; 4.348 ; 4.348 ; 4.348 ;
; SW[0]      ; HEX4[2]     ;       ; 4.361 ; 4.361 ;       ;
; SW[0]      ; HEX4[3]     ; 4.364 ; 4.364 ; 4.364 ; 4.364 ;
; SW[0]      ; HEX4[4]     ; 4.253 ;       ;       ; 4.253 ;
; SW[0]      ; HEX4[5]     ; 5.021 ;       ;       ; 5.021 ;
; SW[0]      ; HEX4[6]     ; 4.690 ;       ;       ; 4.690 ;
; SW[0]      ; LEDG[0]     ; 4.601 ; 4.601 ; 4.601 ; 4.601 ;
; SW[0]      ; LEDG[1]     ; 5.013 ; 5.013 ; 5.013 ; 5.013 ;
; SW[0]      ; LEDG[2]     ; 4.616 ; 4.616 ; 4.616 ; 4.616 ;
; SW[0]      ; LEDG[3]     ; 4.927 ; 4.927 ; 4.927 ; 4.927 ;
; SW[0]      ; LEDG[4]     ; 6.018 ;       ;       ; 6.018 ;
; SW[0]      ; LEDR[0]     ; 3.236 ;       ;       ; 3.236 ;
; SW[1]      ; HEX0[0]     ; 4.701 ; 4.701 ; 4.701 ; 4.701 ;
; SW[1]      ; HEX0[1]     ; 4.571 ; 4.571 ; 4.571 ; 4.571 ;
; SW[1]      ; HEX0[2]     ; 4.590 ; 4.590 ; 4.590 ; 4.590 ;
; SW[1]      ; HEX0[3]     ; 4.396 ; 4.396 ; 4.396 ; 4.396 ;
; SW[1]      ; HEX0[4]     ; 4.533 ; 4.533 ; 4.533 ; 4.533 ;
; SW[1]      ; HEX0[5]     ; 4.490 ; 4.490 ; 4.490 ; 4.490 ;
; SW[1]      ; HEX0[6]     ; 4.490 ; 4.490 ; 4.490 ; 4.490 ;
; SW[1]      ; HEX1[0]     ; 5.271 ; 5.271 ; 5.271 ; 5.271 ;
; SW[1]      ; HEX1[3]     ; 5.103 ; 5.103 ; 5.103 ; 5.103 ;
; SW[1]      ; HEX1[4]     ; 5.123 ; 5.123 ; 5.123 ; 5.123 ;
; SW[1]      ; HEX1[5]     ; 4.929 ; 4.929 ; 4.929 ; 4.929 ;
; SW[1]      ; HEX4[0]     ; 4.895 ; 4.895 ; 4.895 ; 4.895 ;
; SW[1]      ; HEX4[1]     ; 4.275 ; 4.275 ; 4.275 ; 4.275 ;
; SW[1]      ; HEX4[2]     ; 4.288 ;       ;       ; 4.288 ;
; SW[1]      ; HEX4[3]     ; 4.302 ; 4.302 ; 4.302 ; 4.302 ;
; SW[1]      ; HEX4[4]     ; 4.180 ; 4.180 ; 4.180 ; 4.180 ;
; SW[1]      ; HEX4[5]     ; 4.959 ;       ;       ; 4.959 ;
; SW[1]      ; HEX4[6]     ; 4.615 ; 4.615 ; 4.615 ; 4.615 ;
; SW[1]      ; LEDG[1]     ; 4.721 ; 4.721 ; 4.721 ; 4.721 ;
; SW[1]      ; LEDG[2]     ; 4.453 ; 4.453 ; 4.453 ; 4.453 ;
; SW[1]      ; LEDG[3]     ; 4.438 ; 4.438 ; 4.438 ; 4.438 ;
; SW[1]      ; LEDG[4]     ; 5.529 ;       ;       ; 5.529 ;
; SW[1]      ; LEDG[7]     ; 5.188 ;       ;       ; 5.188 ;
; SW[1]      ; LEDR[1]     ; 3.511 ;       ;       ; 3.511 ;
; SW[2]      ; HEX0[0]     ; 4.673 ; 4.673 ; 4.673 ; 4.673 ;
; SW[2]      ; HEX0[1]     ; 4.644 ; 4.644 ; 4.644 ; 4.644 ;
; SW[2]      ; HEX0[2]     ; 4.650 ; 4.650 ; 4.650 ; 4.650 ;
; SW[2]      ; HEX0[3]     ; 4.530 ; 4.530 ; 4.530 ; 4.530 ;
; SW[2]      ; HEX0[4]     ; 4.593 ; 4.593 ; 4.593 ; 4.593 ;
; SW[2]      ; HEX0[5]     ; 4.546 ; 4.546 ; 4.546 ; 4.546 ;
; SW[2]      ; HEX0[6]     ; 4.546 ; 4.546 ; 4.546 ; 4.546 ;
; SW[2]      ; HEX1[0]     ; 5.116 ; 5.116 ; 5.116 ; 5.116 ;
; SW[2]      ; HEX1[3]     ; 4.948 ; 4.948 ; 4.948 ; 4.948 ;
; SW[2]      ; HEX1[4]     ; 4.968 ; 4.968 ; 4.968 ; 4.968 ;
; SW[2]      ; HEX1[5]     ; 4.774 ; 4.774 ; 4.774 ; 4.774 ;
; SW[2]      ; HEX4[0]     ; 4.837 ; 4.837 ; 4.837 ; 4.837 ;
; SW[2]      ; HEX4[1]     ; 4.219 ;       ;       ; 4.219 ;
; SW[2]      ; HEX4[2]     ; 4.232 ; 4.232 ; 4.232 ; 4.232 ;
; SW[2]      ; HEX4[3]     ; 4.230 ; 4.230 ; 4.230 ; 4.230 ;
; SW[2]      ; HEX4[4]     ; 4.124 ;       ;       ; 4.124 ;
; SW[2]      ; HEX4[5]     ; 4.891 ; 4.891 ; 4.891 ; 4.891 ;
; SW[2]      ; HEX4[6]     ; 4.652 ; 4.652 ; 4.652 ; 4.652 ;
; SW[2]      ; LEDG[2]     ; 4.412 ; 4.412 ; 4.412 ; 4.412 ;
; SW[2]      ; LEDG[3]     ; 4.283 ; 4.283 ; 4.283 ; 4.283 ;
; SW[2]      ; LEDG[4]     ; 5.286 ;       ;       ; 5.286 ;
; SW[2]      ; LEDG[7]     ; 5.121 ;       ;       ; 5.121 ;
; SW[2]      ; LEDR[2]     ; 2.794 ;       ;       ; 2.794 ;
; SW[3]      ; HEX0[0]     ; 4.694 ; 4.694 ; 4.694 ; 4.694 ;
; SW[3]      ; HEX0[1]     ; 4.568 ; 4.568 ; 4.568 ; 4.568 ;
; SW[3]      ; HEX0[2]     ; 4.659 ; 4.659 ; 4.659 ; 4.659 ;
; SW[3]      ; HEX0[3]     ; 4.253 ; 4.253 ; 4.253 ; 4.253 ;
; SW[3]      ; HEX0[4]     ; 4.330 ; 4.330 ; 4.330 ; 4.330 ;
; SW[3]      ; HEX0[5]     ; 4.555 ; 4.555 ; 4.555 ; 4.555 ;
; SW[3]      ; HEX0[6]     ; 4.555 ; 4.555 ; 4.555 ; 4.555 ;
; SW[3]      ; HEX1[0]     ; 5.094 ; 5.184 ; 5.184 ; 5.094 ;
; SW[3]      ; HEX1[3]     ; 4.926 ; 5.016 ; 5.016 ; 4.926 ;
; SW[3]      ; HEX1[4]     ; 4.946 ; 5.036 ; 5.036 ; 4.946 ;
; SW[3]      ; HEX1[5]     ; 4.752 ; 4.842 ; 4.842 ; 4.752 ;
; SW[3]      ; HEX4[0]     ; 4.613 ; 4.613 ; 4.613 ; 4.613 ;
; SW[3]      ; HEX4[1]     ; 3.985 ;       ;       ; 3.985 ;
; SW[3]      ; HEX4[2]     ; 4.006 ;       ;       ; 4.006 ;
; SW[3]      ; HEX4[3]     ; 4.024 ;       ;       ; 4.024 ;
; SW[3]      ; HEX4[4]     ; 3.890 ;       ;       ; 3.890 ;
; SW[3]      ; HEX4[5]     ; 4.680 ; 4.680 ; 4.680 ; 4.680 ;
; SW[3]      ; HEX4[6]     ; 4.199 ; 4.199 ; 4.199 ; 4.199 ;
; SW[3]      ; LEDG[3]     ; 4.351 ; 4.351 ; 4.351 ; 4.351 ;
; SW[3]      ; LEDG[4]     ; 4.798 ;       ;       ; 4.798 ;
; SW[3]      ; LEDG[7]     ; 4.936 ;       ;       ; 4.936 ;
; SW[3]      ; LEDR[3]     ; 3.751 ;       ;       ; 3.751 ;
; SW[4]      ; HEX0[0]     ; 4.102 ; 4.102 ; 4.102 ; 4.102 ;
; SW[4]      ; HEX0[1]     ; 3.972 ; 3.972 ; 3.972 ; 3.972 ;
; SW[4]      ; HEX0[2]     ; 3.856 ; 3.856 ; 3.856 ; 3.856 ;
; SW[4]      ; HEX0[3]     ; 3.861 ; 3.861 ; 3.861 ; 3.861 ;
; SW[4]      ; HEX0[4]     ; 3.672 ; 3.672 ; 3.672 ; 3.672 ;
; SW[4]      ; HEX0[5]     ; 3.749 ; 3.749 ; 3.749 ; 3.749 ;
; SW[4]      ; HEX0[6]     ; 3.749 ; 3.749 ; 3.749 ; 3.749 ;
; SW[4]      ; HEX1[0]     ; 5.120 ; 5.120 ; 5.120 ; 5.120 ;
; SW[4]      ; HEX1[3]     ; 4.952 ; 4.952 ; 4.952 ; 4.952 ;
; SW[4]      ; HEX1[4]     ; 4.972 ; 4.972 ; 4.972 ; 4.972 ;
; SW[4]      ; HEX1[5]     ; 4.778 ; 4.778 ; 4.778 ; 4.778 ;
; SW[4]      ; HEX6[0]     ; 3.906 ; 3.906 ; 3.906 ; 3.906 ;
; SW[4]      ; HEX6[1]     ; 4.401 ; 4.401 ; 4.401 ; 4.401 ;
; SW[4]      ; HEX6[2]     ;       ; 4.221 ; 4.221 ;       ;
; SW[4]      ; HEX6[3]     ; 4.408 ; 4.408 ; 4.408 ; 4.408 ;
; SW[4]      ; HEX6[4]     ; 4.153 ;       ;       ; 4.153 ;
; SW[4]      ; HEX6[5]     ; 4.719 ;       ;       ; 4.719 ;
; SW[4]      ; HEX6[6]     ; 4.452 ;       ;       ; 4.452 ;
; SW[4]      ; LEDG[0]     ; 4.160 ; 4.160 ; 4.160 ; 4.160 ;
; SW[4]      ; LEDG[1]     ; 4.556 ; 4.556 ; 4.556 ; 4.556 ;
; SW[4]      ; LEDG[2]     ; 4.159 ; 4.159 ; 4.159 ; 4.159 ;
; SW[4]      ; LEDG[3]     ; 4.470 ; 4.470 ; 4.470 ; 4.470 ;
; SW[4]      ; LEDG[4]     ; 5.561 ;       ;       ; 5.561 ;
; SW[4]      ; LEDR[4]     ; 2.843 ;       ;       ; 2.843 ;
; SW[5]      ; HEX0[0]     ; 4.382 ; 4.382 ; 4.382 ; 4.382 ;
; SW[5]      ; HEX0[1]     ; 4.252 ; 4.252 ; 4.252 ; 4.252 ;
; SW[5]      ; HEX0[2]     ; 4.271 ; 4.271 ; 4.271 ; 4.271 ;
; SW[5]      ; HEX0[3]     ; 4.077 ; 4.077 ; 4.077 ; 4.077 ;
; SW[5]      ; HEX0[4]     ; 4.117 ; 4.117 ; 4.117 ; 4.117 ;
; SW[5]      ; HEX0[5]     ; 4.171 ; 4.171 ; 4.171 ; 4.171 ;
; SW[5]      ; HEX0[6]     ; 4.171 ; 4.171 ; 4.171 ; 4.171 ;
; SW[5]      ; HEX1[0]     ; 4.964 ; 4.964 ; 4.964 ; 4.964 ;
; SW[5]      ; HEX1[3]     ; 4.796 ; 4.796 ; 4.796 ; 4.796 ;
; SW[5]      ; HEX1[4]     ; 4.816 ; 4.816 ; 4.816 ; 4.816 ;
; SW[5]      ; HEX1[5]     ; 4.622 ; 4.622 ; 4.622 ; 4.622 ;
; SW[5]      ; HEX6[0]     ; 4.111 ; 4.111 ; 4.111 ; 4.111 ;
; SW[5]      ; HEX6[1]     ; 4.606 ; 4.606 ; 4.606 ; 4.606 ;
; SW[5]      ; HEX6[2]     ; 4.430 ;       ;       ; 4.430 ;
; SW[5]      ; HEX6[3]     ; 4.613 ; 4.613 ; 4.613 ; 4.613 ;
; SW[5]      ; HEX6[4]     ; 4.357 ; 4.357 ; 4.357 ; 4.357 ;
; SW[5]      ; HEX6[5]     ; 4.925 ;       ;       ; 4.925 ;
; SW[5]      ; HEX6[6]     ; 4.658 ; 4.658 ; 4.658 ; 4.658 ;
; SW[5]      ; LEDG[1]     ; 4.402 ; 4.402 ; 4.402 ; 4.402 ;
; SW[5]      ; LEDG[2]     ; 4.003 ; 4.003 ; 4.003 ; 4.003 ;
; SW[5]      ; LEDG[3]     ; 4.152 ; 4.152 ; 4.152 ; 4.152 ;
; SW[5]      ; LEDG[4]     ; 5.243 ;       ;       ; 5.243 ;
; SW[5]      ; LEDG[7]     ; 4.610 ;       ;       ; 4.610 ;
; SW[5]      ; LEDR[5]     ; 3.071 ;       ;       ; 3.071 ;
; SW[6]      ; HEX0[0]     ; 4.363 ; 4.363 ; 4.363 ; 4.363 ;
; SW[6]      ; HEX0[1]     ; 4.334 ; 4.334 ; 4.334 ; 4.334 ;
; SW[6]      ; HEX0[2]     ; 4.340 ; 4.340 ; 4.340 ; 4.340 ;
; SW[6]      ; HEX0[3]     ; 4.220 ; 4.220 ; 4.220 ; 4.220 ;
; SW[6]      ; HEX0[4]     ; 4.302 ; 4.302 ; 4.302 ; 4.302 ;
; SW[6]      ; HEX0[5]     ; 4.236 ; 4.236 ; 4.236 ; 4.236 ;
; SW[6]      ; HEX0[6]     ; 4.236 ; 4.236 ; 4.236 ; 4.236 ;
; SW[6]      ; HEX1[0]     ; 4.806 ; 4.806 ; 4.806 ; 4.806 ;
; SW[6]      ; HEX1[3]     ; 4.638 ; 4.638 ; 4.638 ; 4.638 ;
; SW[6]      ; HEX1[4]     ; 4.658 ; 4.658 ; 4.658 ; 4.658 ;
; SW[6]      ; HEX1[5]     ; 4.464 ; 4.464 ; 4.464 ; 4.464 ;
; SW[6]      ; HEX6[0]     ; 3.978 ; 3.978 ; 3.978 ; 3.978 ;
; SW[6]      ; HEX6[1]     ; 4.474 ;       ;       ; 4.474 ;
; SW[6]      ; HEX6[2]     ; 4.305 ; 4.305 ; 4.305 ; 4.305 ;
; SW[6]      ; HEX6[3]     ; 4.484 ; 4.484 ; 4.484 ; 4.484 ;
; SW[6]      ; HEX6[4]     ; 4.240 ;       ;       ; 4.240 ;
; SW[6]      ; HEX6[5]     ; 4.811 ; 4.811 ; 4.811 ; 4.811 ;
; SW[6]      ; HEX6[6]     ; 4.533 ; 4.533 ; 4.533 ; 4.533 ;
; SW[6]      ; LEDG[2]     ; 4.121 ; 4.121 ; 4.121 ; 4.121 ;
; SW[6]      ; LEDG[3]     ; 3.973 ; 3.973 ; 3.973 ; 3.973 ;
; SW[6]      ; LEDG[4]     ; 4.985 ;       ;       ; 4.985 ;
; SW[6]      ; LEDG[7]     ; 4.654 ;       ;       ; 4.654 ;
; SW[6]      ; LEDR[6]     ; 2.916 ;       ;       ; 2.916 ;
; SW[7]      ; HEX0[0]     ; 5.117 ; 5.117 ; 5.117 ; 5.117 ;
; SW[7]      ; HEX0[1]     ; 4.991 ; 4.991 ; 4.991 ; 4.991 ;
; SW[7]      ; HEX0[2]     ; 5.082 ; 5.082 ; 5.082 ; 5.082 ;
; SW[7]      ; HEX0[3]     ; 4.676 ; 4.676 ; 4.676 ; 4.676 ;
; SW[7]      ; HEX0[4]     ; 4.753 ; 4.753 ; 4.753 ; 4.753 ;
; SW[7]      ; HEX0[5]     ; 4.978 ; 4.978 ; 4.978 ; 4.978 ;
; SW[7]      ; HEX0[6]     ; 4.978 ; 4.978 ; 4.978 ; 4.978 ;
; SW[7]      ; HEX1[0]     ; 5.643 ; 5.740 ; 5.740 ; 5.643 ;
; SW[7]      ; HEX1[3]     ; 5.475 ; 5.572 ; 5.572 ; 5.475 ;
; SW[7]      ; HEX1[4]     ; 5.495 ; 5.592 ; 5.592 ; 5.495 ;
; SW[7]      ; HEX1[5]     ; 5.301 ; 5.398 ; 5.398 ; 5.301 ;
; SW[7]      ; HEX6[0]     ; 4.660 ; 4.660 ; 4.660 ; 4.660 ;
; SW[7]      ; HEX6[1]     ; 5.155 ;       ;       ; 5.155 ;
; SW[7]      ; HEX6[2]     ; 4.982 ;       ;       ; 4.982 ;
; SW[7]      ; HEX6[3]     ; 5.162 ;       ;       ; 5.162 ;
; SW[7]      ; HEX6[4]     ; 4.909 ;       ;       ; 4.909 ;
; SW[7]      ; HEX6[5]     ; 5.481 ; 5.481 ; 5.481 ; 5.481 ;
; SW[7]      ; HEX6[6]     ; 5.206 ; 5.206 ; 5.206 ; 5.206 ;
; SW[7]      ; LEDG[3]     ; 4.907 ; 4.907 ; 4.907 ; 4.907 ;
; SW[7]      ; LEDG[4]     ; 5.347 ;       ;       ; 5.347 ;
; SW[7]      ; LEDG[7]     ; 5.296 ;       ;       ; 5.296 ;
; SW[7]      ; LEDR[7]     ; 3.447 ;       ;       ; 3.447 ;
; SW[8]      ; HEX0[0]     ; 5.054 ; 5.054 ; 5.054 ; 5.054 ;
; SW[8]      ; HEX0[1]     ; 4.924 ; 4.924 ; 4.924 ; 4.924 ;
; SW[8]      ; HEX0[2]     ; 4.808 ; 4.808 ; 4.808 ; 4.808 ;
; SW[8]      ; HEX0[3]     ; 4.813 ; 4.813 ; 4.813 ; 4.813 ;
; SW[8]      ; HEX0[4]     ; 4.624 ; 4.624 ; 4.624 ; 4.624 ;
; SW[8]      ; HEX0[5]     ; 4.701 ; 4.701 ; 4.701 ; 4.701 ;
; SW[8]      ; HEX0[6]     ; 4.701 ; 4.701 ; 4.701 ; 4.701 ;
; SW[8]      ; HEX1[0]     ; 6.080 ; 6.080 ; 6.080 ; 6.080 ;
; SW[8]      ; HEX1[3]     ; 5.912 ; 5.912 ; 5.912 ; 5.912 ;
; SW[8]      ; HEX1[4]     ; 5.932 ; 5.932 ; 5.932 ; 5.932 ;
; SW[8]      ; HEX1[5]     ; 5.738 ; 5.738 ; 5.738 ; 5.738 ;
; SW[8]      ; LEDG[0]     ; 5.112 ; 5.112 ; 5.112 ; 5.112 ;
; SW[8]      ; LEDG[1]     ; 5.516 ; 5.516 ; 5.516 ; 5.516 ;
; SW[8]      ; LEDG[2]     ; 5.119 ; 5.119 ; 5.119 ; 5.119 ;
; SW[8]      ; LEDG[3]     ; 5.430 ; 5.430 ; 5.430 ; 5.430 ;
; SW[8]      ; LEDG[4]     ; 6.521 ;       ;       ; 6.521 ;
; SW[8]      ; LEDR[8]     ; 3.221 ;       ;       ; 3.221 ;
+------------+-------------+-------+-------+-------+-------+


-------------------
; Clock Transfers ;
-------------------
Nothing to report.


---------------
; Report TCCS ;
---------------
No dedicated SERDES Transmitter circuitry present in device or used in design


---------------
; Report RSKM ;
---------------
No dedicated SERDES Receiver circuitry present in device or used in design


+------------------------------------------------+
; Unconstrained Paths                            ;
+---------------------------------+-------+------+
; Property                        ; Setup ; Hold ;
+---------------------------------+-------+------+
; Illegal Clocks                  ; 0     ; 0    ;
; Unconstrained Clocks            ; 0     ; 0    ;
; Unconstrained Input Ports       ; 9     ; 9    ;
; Unconstrained Input Port Paths  ; 203   ; 203  ;
; Unconstrained Output Ports      ; 40    ; 40   ;
; Unconstrained Output Port Paths ; 203   ; 203  ;
+---------------------------------+-------+------+


+------------------------------------+
; TimeQuest Timing Analyzer Messages ;
+------------------------------------+
Info: *******************************************************************
Info: Running Quartus II 32-bit TimeQuest Timing Analyzer
    Info: Version 13.0.1 Build 232 06/12/2013 Service Pack 1 SJ Web Edition
    Info: Processing started: Sat Sep 27 13:37:25 2014
Info: Command: quartus_sta Lab2_Part4 -c Lab2_Part4
Info: qsta_default_script.tcl version: #1
Warning (20028): Parallel compilation is not licensed and has been disabled
Critical Warning (332012): Synopsys Design Constraints File file not found: 'Lab2_Part4.sdc'. A Synopsys Design Constraints File is required by the TimeQuest Timing Analyzer to get proper timing constraints. Without it, the Compiler will not properly optimize the design.
Info (332142): No user constrained base clocks found in the design. Calling "derive_clocks -period 1.0"
Info (332096): The command derive_clocks did not find any clocks to derive.  No clocks were created or changed.
Warning (332068): No clocks defined in design.
Info: Found TIMEQUEST_REPORT_SCRIPT_INCLUDE_DEFAULT_ANALYSIS = ON
Info (332159): No clocks to report
Info: Analyzing Slow Model
Info (332140): No fmax paths to report
Info (332140): No Setup paths to report
Info (332140): No Hold paths to report
Info (332140): No Recovery paths to report
Info (332140): No Removal paths to report
Info (332140): No Minimum Pulse Width paths to report
Info (332001): The selected device family is not supported by the report_metastability command.
Info: Analyzing Fast Model
Info (332142): No user constrained base clocks found in the design. Calling "derive_clocks -period 1.0"
Info (332096): The command derive_clocks did not find any clocks to derive.  No clocks were created or changed.
Warning (332068): No clocks defined in design.
Info (332140): No Setup paths to report
Info (332140): No Hold paths to report
Info (332140): No Recovery paths to report
Info (332140): No Removal paths to report
Info (332140): No Minimum Pulse Width paths to report
Info (332001): The selected device family is not supported by the report_metastability command.
Info (332102): Design is not fully constrained for setup requirements
Info (332102): Design is not fully constrained for hold requirements
Info: Quartus II 32-bit TimeQuest Timing Analyzer was successful. 0 errors, 4 warnings
    Info: Peak virtual memory: 325 megabytes
    Info: Processing ended: Sat Sep 27 13:37:28 2014
    Info: Elapsed time: 00:00:03
    Info: Total CPU time (on all processors): 00:00:02


