Analysis & Synthesis report for Lab5_Part3
Mon Nov 24 22:49:20 2014
Quartus II 64-Bit Version 13.0.1 Build 232 06/12/2013 Service Pack 1 SJ Web Edition


---------------------
; Table of Contents ;
---------------------
  1. Legal Notice
  2. Analysis & Synthesis Summary
  3. Analysis & Synthesis Settings
  4. Parallel Compilation
  5. Analysis & Synthesis Messages
  6. Analysis & Synthesis Suppressed Messages



----------------
; Legal Notice ;
----------------
Copyright (C) 1991-2013 Altera Corporation
Your use of Altera Corporation's design tools, logic functions 
and other software and tools, and its AMPP partner logic 
functions, and any output files from any of the foregoing 
(including device programming or simulation files), and any 
associated documentation or information are expressly subject 
to the terms and conditions of the Altera Program License 
Subscription Agreement, Altera MegaCore Function License 
Agreement, or other applicable license agreement, including, 
without limitation, that your use is for the sole purpose of 
programming logic devices manufactured by Altera and sold by 
Altera or its authorized distributors.  Please refer to the 
applicable agreement for further details.



+--------------------------------------------------------------------------------------+
; Analysis & Synthesis Summary                                                         ;
+------------------------------------+-------------------------------------------------+
; Analysis & Synthesis Status        ; Failed - Mon Nov 24 22:49:20 2014               ;
; Quartus II 64-Bit Version          ; 13.0.1 Build 232 06/12/2013 SP 1 SJ Web Edition ;
; Revision Name                      ; Lab5_Part3                                      ;
; Top-level Entity Name              ; Lab5_Part3                                      ;
; Family                             ; Cyclone II                                      ;
; Total logic elements               ; N/A until Partition Merge                       ;
;     Total combinational functions  ; N/A until Partition Merge                       ;
;     Dedicated logic registers      ; N/A until Partition Merge                       ;
; Total registers                    ; N/A until Partition Merge                       ;
; Total pins                         ; N/A until Partition Merge                       ;
; Total virtual pins                 ; N/A until Partition Merge                       ;
; Total memory bits                  ; N/A until Partition Merge                       ;
; Embedded Multiplier 9-bit elements ; N/A until Partition Merge                       ;
; Total PLLs                         ; N/A until Partition Merge                       ;
+------------------------------------+-------------------------------------------------+


+----------------------------------------------------------------------------------------------------------------------+
; Analysis & Synthesis Settings                                                                                        ;
+----------------------------------------------------------------------------+--------------------+--------------------+
; Option                                                                     ; Setting            ; Default Value      ;
+----------------------------------------------------------------------------+--------------------+--------------------+
; Device                                                                     ; EP2C35F672C6       ;                    ;
; Top-level entity name                                                      ; Lab5_Part3         ; Lab5_Part3         ;
; Family name                                                                ; Cyclone II         ; Cyclone IV GX      ;
; Use smart compilation                                                      ; Off                ; Off                ;
; Enable parallel Assembler and TimeQuest Timing Analyzer during compilation ; On                 ; On                 ;
; Enable compact report table                                                ; Off                ; Off                ;
; Restructure Multiplexers                                                   ; Auto               ; Auto               ;
; Create Debugging Nodes for IP Cores                                        ; Off                ; Off                ;
; Preserve fewer node names                                                  ; On                 ; On                 ;
; Disable OpenCore Plus hardware evaluation                                  ; Off                ; Off                ;
; Verilog Version                                                            ; Verilog_2001       ; Verilog_2001       ;
; VHDL Version                                                               ; VHDL_1993          ; VHDL_1993          ;
; State Machine Processing                                                   ; Auto               ; Auto               ;
; Safe State Machine                                                         ; Off                ; Off                ;
; Extract Verilog State Machines                                             ; On                 ; On                 ;
; Extract VHDL State Machines                                                ; On                 ; On                 ;
; Ignore Verilog initial constructs                                          ; Off                ; Off                ;
; Iteration limit for constant Verilog loops                                 ; 5000               ; 5000               ;
; Iteration limit for non-constant Verilog loops                             ; 250                ; 250                ;
; Add Pass-Through Logic to Inferred RAMs                                    ; On                 ; On                 ;
; Infer RAMs from Raw Logic                                                  ; On                 ; On                 ;
; Parallel Synthesis                                                         ; On                 ; On                 ;
; DSP Block Balancing                                                        ; Auto               ; Auto               ;
; NOT Gate Push-Back                                                         ; On                 ; On                 ;
; Power-Up Don't Care                                                        ; On                 ; On                 ;
; Remove Redundant Logic Cells                                               ; Off                ; Off                ;
; Remove Duplicate Registers                                                 ; On                 ; On                 ;
; Ignore CARRY Buffers                                                       ; Off                ; Off                ;
; Ignore CASCADE Buffers                                                     ; Off                ; Off                ;
; Ignore GLOBAL Buffers                                                      ; Off                ; Off                ;
; Ignore ROW GLOBAL Buffers                                                  ; Off                ; Off                ;
; Ignore LCELL Buffers                                                       ; Off                ; Off                ;
; Ignore SOFT Buffers                                                        ; On                 ; On                 ;
; Limit AHDL Integers to 32 Bits                                             ; Off                ; Off                ;
; Optimization Technique                                                     ; Balanced           ; Balanced           ;
; Carry Chain Length                                                         ; 70                 ; 70                 ;
; Auto Carry Chains                                                          ; On                 ; On                 ;
; Auto Open-Drain Pins                                                       ; On                 ; On                 ;
; Perform WYSIWYG Primitive Resynthesis                                      ; Off                ; Off                ;
; Auto ROM Replacement                                                       ; On                 ; On                 ;
; Auto RAM Replacement                                                       ; On                 ; On                 ;
; Auto Shift Register Replacement                                            ; Auto               ; Auto               ;
; Allow Shift Register Merging across Hierarchies                            ; Auto               ; Auto               ;
; Auto Clock Enable Replacement                                              ; On                 ; On                 ;
; Strict RAM Replacement                                                     ; Off                ; Off                ;
; Allow Synchronous Control Signals                                          ; On                 ; On                 ;
; Force Use of Synchronous Clear Signals                                     ; Off                ; Off                ;
; Auto RAM to Logic Cell Conversion                                          ; Off                ; Off                ;
; Auto Resource Sharing                                                      ; Off                ; Off                ;
; Allow Any RAM Size For Recognition                                         ; Off                ; Off                ;
; Allow Any ROM Size For Recognition                                         ; Off                ; Off                ;
; Allow Any Shift Register Size For Recognition                              ; Off                ; Off                ;
; Use LogicLock Constraints during Resource Balancing                        ; On                 ; On                 ;
; Ignore translate_off and synthesis_off directives                          ; Off                ; Off                ;
; Timing-Driven Synthesis                                                    ; Off                ; Off                ;
; Report Parameter Settings                                                  ; On                 ; On                 ;
; Report Source Assignments                                                  ; On                 ; On                 ;
; Report Connectivity Checks                                                 ; On                 ; On                 ;
; Ignore Maximum Fan-Out Assignments                                         ; Off                ; Off                ;
; Synchronization Register Chain Length                                      ; 2                  ; 2                  ;
; PowerPlay Power Optimization                                               ; Normal compilation ; Normal compilation ;
; HDL message level                                                          ; Level2             ; Level2             ;
; Suppress Register Optimization Related Messages                            ; Off                ; Off                ;
; Number of Removed Registers Reported in Synthesis Report                   ; 5000               ; 5000               ;
; Number of Swept Nodes Reported in Synthesis Report                         ; 5000               ; 5000               ;
; Number of Inverted Registers Reported in Synthesis Report                  ; 100                ; 100                ;
; Clock MUX Protection                                                       ; On                 ; On                 ;
; Auto Gated Clock Conversion                                                ; Off                ; Off                ;
; Block Design Naming                                                        ; Auto               ; Auto               ;
; SDC constraint protection                                                  ; Off                ; Off                ;
; Synthesis Effort                                                           ; Auto               ; Auto               ;
; Shift Register Replacement - Allow Asynchronous Clear Signal               ; On                 ; On                 ;
; Pre-Mapping Resynthesis Optimization                                       ; Off                ; Off                ;
; Analysis & Synthesis Message Level                                         ; Medium             ; Medium             ;
; Disable Register Merging Across Hierarchies                                ; Auto               ; Auto               ;
; Resource Aware Inference For Block RAM                                     ; On                 ; On                 ;
; Synthesis Seed                                                             ; 1                  ; 1                  ;
+----------------------------------------------------------------------------+--------------------+--------------------+


Parallel compilation was disabled, but you have multiple processors available. Enable parallel compilation to reduce compilation time.
+-------------------------------------+
; Parallel Compilation                ;
+----------------------------+--------+
; Processors                 ; Number ;
+----------------------------+--------+
; Number detected on machine ; 8      ;
; Maximum allowed            ; 1      ;
+----------------------------+--------+


+-------------------------------+
; Analysis & Synthesis Messages ;
+-------------------------------+
Info: *******************************************************************
Info: Running Quartus II 64-Bit Analysis & Synthesis
    Info: Version 13.0.1 Build 232 06/12/2013 Service Pack 1 SJ Web Edition
    Info: Processing started: Mon Nov 24 22:49:18 2014
Info: Command: quartus_map --read_settings_files=on --write_settings_files=off Lab5_Part3 -c Lab5_Part3
Warning (20028): Parallel compilation is not licensed and has been disabled
Info (12021): Found 2 design units, including 2 entities, in source file lab5_part3.v
    Info (12023): Found entity 1: Lab5_Part3
    Info (12023): Found entity 2: hexDisplay
Info (12127): Elaborating entity "Lab5_Part3" for the top level hierarchy
Warning (10646): Verilog HDL Event Control warning at Lab5_Part3.v(40): posedge or negedge of vector "SW" depends solely on its least-significant bit
Error (10200): Verilog HDL Conditional Statement error at Lab5_Part3.v(42): cannot match operand(s) in the condition to the corresponding edges in the enclosing event control of the always construct File: D:/Users/Eric/Dropbox/School/4th Year 1st Semester/Digital Systems Implementation (ECE 4740)/Labs/5/Part 3/Lab5_Part3.v Line: 42
Warning (10230): Verilog HDL assignment warning at Lab5_Part3.v(50): truncated value with size 32 to match size of target (4)
Warning (10230): Verilog HDL assignment warning at Lab5_Part3.v(56): truncated value with size 32 to match size of target (4)
Warning (10230): Verilog HDL assignment warning at Lab5_Part3.v(63): truncated value with size 32 to match size of target (4)
Warning (10230): Verilog HDL assignment warning at Lab5_Part3.v(69): truncated value with size 32 to match size of target (4)
Warning (10230): Verilog HDL assignment warning at Lab5_Part3.v(74): truncated value with size 32 to match size of target (4)
Warning (10230): Verilog HDL assignment warning at Lab5_Part3.v(78): truncated value with size 32 to match size of target (4)
Warning (10230): Verilog HDL assignment warning at Lab5_Part3.v(81): truncated value with size 32 to match size of target (4)
Warning (10240): Verilog HDL Always Construct warning at Lab5_Part3.v(40): inferring latch(es) for variable "hr1", which holds its previous value in one or more paths through the always construct
Warning (10240): Verilog HDL Always Construct warning at Lab5_Part3.v(40): inferring latch(es) for variable "hr0", which holds its previous value in one or more paths through the always construct
Warning (10240): Verilog HDL Always Construct warning at Lab5_Part3.v(40): inferring latch(es) for variable "min1", which holds its previous value in one or more paths through the always construct
Warning (10240): Verilog HDL Always Construct warning at Lab5_Part3.v(40): inferring latch(es) for variable "min0", which holds its previous value in one or more paths through the always construct
Warning (10240): Verilog HDL Always Construct warning at Lab5_Part3.v(40): inferring latch(es) for variable "sec1", which holds its previous value in one or more paths through the always construct
Warning (10034): Output port "LEDG[7..4]" at Lab5_Part3.v(6) has no driver
Info (10041): Inferred latch for "sec1[0]" at Lab5_Part3.v(40)
Info (10041): Inferred latch for "sec1[1]" at Lab5_Part3.v(40)
Info (10041): Inferred latch for "sec1[2]" at Lab5_Part3.v(40)
Info (10041): Inferred latch for "sec1[3]" at Lab5_Part3.v(40)
Info (10041): Inferred latch for "min0[0]" at Lab5_Part3.v(40)
Info (10041): Inferred latch for "min0[1]" at Lab5_Part3.v(40)
Info (10041): Inferred latch for "min0[2]" at Lab5_Part3.v(40)
Info (10041): Inferred latch for "min0[3]" at Lab5_Part3.v(40)
Info (10041): Inferred latch for "min1[0]" at Lab5_Part3.v(40)
Info (10041): Inferred latch for "min1[1]" at Lab5_Part3.v(40)
Info (10041): Inferred latch for "min1[2]" at Lab5_Part3.v(40)
Info (10041): Inferred latch for "min1[3]" at Lab5_Part3.v(40)
Info (10041): Inferred latch for "hr0[0]" at Lab5_Part3.v(40)
Info (10041): Inferred latch for "hr0[1]" at Lab5_Part3.v(40)
Info (10041): Inferred latch for "hr0[2]" at Lab5_Part3.v(40)
Info (10041): Inferred latch for "hr0[3]" at Lab5_Part3.v(40)
Info (10041): Inferred latch for "hr1[0]" at Lab5_Part3.v(40)
Info (10041): Inferred latch for "hr1[1]" at Lab5_Part3.v(40)
Info (10041): Inferred latch for "hr1[2]" at Lab5_Part3.v(40)
Info (10041): Inferred latch for "hr1[3]" at Lab5_Part3.v(40)
Error (12153): Can't elaborate top-level user hierarchy
Info (144001): Generated suppressed messages file D:/Users/Eric/Dropbox/School/4th Year 1st Semester/Digital Systems Implementation (ECE 4740)/Labs/5/Part 3/output_files/Lab5_Part3.map.smsg
Error: Quartus II 64-Bit Analysis & Synthesis was unsuccessful. 2 errors, 15 warnings
    Error: Peak virtual memory: 415 megabytes
    Error: Processing ended: Mon Nov 24 22:49:20 2014
    Error: Elapsed time: 00:00:02
    Error: Total CPU time (on all processors): 00:00:02


+------------------------------------------+
; Analysis & Synthesis Suppressed Messages ;
+------------------------------------------+
The suppressed messages can be found in D:/Users/Eric/Dropbox/School/4th Year 1st Semester/Digital Systems Implementation (ECE 4740)/Labs/5/Part 3/output_files/Lab5_Part3.map.smsg.


