Flow report for Lab1_Part3
Tue Sep 16 17:20:54 2014
Quartus II 64-Bit Version 13.0.1 Build 232 06/12/2013 Service Pack 1 SJ Web Edition


---------------------
; Table of Contents ;
---------------------
  1. Legal Notice
  2. Flow Summary
  3. Flow Settings
  4. Flow Non-Default Global Settings
  5. Flow Elapsed Time
  6. Flow OS Summary
  7. Flow Log
  8. Flow Messages
  9. Flow Suppressed Messages



----------------
; Legal Notice ;
----------------
Copyright (C) 1991-2013 Altera Corporation
Your use of Altera Corporation's design tools, logic functions 
and other software and tools, and its AMPP partner logic 
functions, and any output files from any of the foregoing 
(including device programming or simulation files), and any 
associated documentation or information are expressly subject 
to the terms and conditions of the Altera Program License 
Subscription Agreement, Altera MegaCore Function License 
Agreement, or other applicable license agreement, including, 
without limitation, that your use is for the sole purpose of 
programming logic devices manufactured by Altera and sold by 
Altera or its authorized distributors.  Please refer to the 
applicable agreement for further details.



+--------------------------------------------------------------------------------------+
; Flow Summary                                                                         ;
+------------------------------------+-------------------------------------------------+
; Flow Status                        ; Successful - Tue Sep 16 17:20:52 2014           ;
; Quartus II 64-Bit Version          ; 13.0.1 Build 232 06/12/2013 SP 1 SJ Web Edition ;
; Revision Name                      ; Lab1_Part3                                      ;
; Top-level Entity Name              ; Lab1_Part3                                      ;
; Family                             ; Cyclone II                                      ;
; Device                             ; EP2C35F672C6                                    ;
; Timing Models                      ; Final                                           ;
; Total logic elements               ; 9 / 33,216 ( < 1 % )                            ;
;     Total combinational functions  ; 9 / 33,216 ( < 1 % )                            ;
;     Dedicated logic registers      ; 0 / 33,216 ( 0 % )                              ;
; Total registers                    ; 0                                               ;
; Total pins                         ; 44 / 475 ( 9 % )                                ;
; Total virtual pins                 ; 0                                               ;
; Total memory bits                  ; 0 / 483,840 ( 0 % )                             ;
; Embedded Multiplier 9-bit elements ; 0 / 70 ( 0 % )                                  ;
; Total PLLs                         ; 0 / 4 ( 0 % )                                   ;
+------------------------------------+-------------------------------------------------+


+-----------------------------------------+
; Flow Settings                           ;
+-------------------+---------------------+
; Option            ; Setting             ;
+-------------------+---------------------+
; Start date & time ; 09/16/2014 17:20:42 ;
; Main task         ; Compilation         ;
; Revision Name     ; Lab1_Part3          ;
+-------------------+---------------------+


+-----------------------------------------------------------------------------------------------------------------+
; Flow Non-Default Global Settings                                                                                ;
+-------------------------------------+--------------------------------+---------------+-------------+------------+
; Assignment Name                     ; Value                          ; Default Value ; Entity Name ; Section Id ;
+-------------------------------------+--------------------------------+---------------+-------------+------------+
; COMPILER_SIGNATURE_ID               ; 35774999616641.141090604205648 ; --            ; --          ; --         ;
; FMAX_REQUIREMENT                    ; 50 MHz                         ; --            ; --          ; --         ;
; IGNORE_CLOCK_SETTINGS               ; On                             ; Off           ; --          ; --         ;
; PARTITION_COLOR                     ; 2147039                        ; --            ; --          ; Top        ;
; PARTITION_FITTER_PRESERVATION_LEVEL ; PLACEMENT_AND_ROUTING          ; --            ; --          ; Top        ;
; PARTITION_NETLIST_TYPE              ; SOURCE                         ; --            ; --          ; Top        ;
; PROJECT_OUTPUT_DIRECTORY            ; output_files                   ; --            ; --          ; --         ;
+-------------------------------------+--------------------------------+---------------+-------------+------------+


+-------------------------------------------------------------------------------------------------------------------------------+
; Flow Elapsed Time                                                                                                             ;
+---------------------------+--------------+-------------------------+---------------------+------------------------------------+
; Module Name               ; Elapsed Time ; Average Processors Used ; Peak Virtual Memory ; Total CPU Time (on all processors) ;
+---------------------------+--------------+-------------------------+---------------------+------------------------------------+
; Analysis & Synthesis      ; 00:00:01     ; 1.0                     ; 440 MB              ; 00:00:01                           ;
; Fitter                    ; 00:00:05     ; 1.0                     ; 667 MB              ; 00:00:05                           ;
; Assembler                 ; 00:00:02     ; 1.0                     ; 432 MB              ; 00:00:02                           ;
; TimeQuest Timing Analyzer ; 00:00:01     ; 1.0                     ; 391 MB              ; 00:00:01                           ;
; Total                     ; 00:00:09     ; --                      ; --                  ; 00:00:09                           ;
+---------------------------+--------------+-------------------------+---------------------+------------------------------------+


+----------------------------------------------------------------------------------------+
; Flow OS Summary                                                                        ;
+---------------------------+------------------+-----------+------------+----------------+
; Module Name               ; Machine Hostname ; OS Name   ; OS Version ; Processor type ;
+---------------------------+------------------+-----------+------------+----------------+
; Analysis & Synthesis      ; Eric-PC          ; Windows 7 ; 6.1        ; x86_64         ;
; Fitter                    ; Eric-PC          ; Windows 7 ; 6.1        ; x86_64         ;
; Assembler                 ; Eric-PC          ; Windows 7 ; 6.1        ; x86_64         ;
; TimeQuest Timing Analyzer ; Eric-PC          ; Windows 7 ; 6.1        ; x86_64         ;
+---------------------------+------------------+-----------+------------+----------------+


------------
; Flow Log ;
------------
quartus_map --read_settings_files=on --write_settings_files=off Lab1_Part3 -c Lab1_Part3
quartus_fit --read_settings_files=off --write_settings_files=off Lab1_Part3 -c Lab1_Part3
quartus_asm --read_settings_files=off --write_settings_files=off Lab1_Part3 -c Lab1_Part3
quartus_sta Lab1_Part3 -c Lab1_Part3



